This is pdfTeX, Version 3.141592653-2.6-1.40.25 (TeX Live 2023/MacPorts 2023.66589_0) (preloaded format=pdflatex 2023.7.30)  30 JUL 2023 10:10
entering extended mode
 restricted \write18 enabled.
 %&-line parsing enabled.
**ifc
(./ifc.tex
LaTeX2e <2022-11-01> patch level 1
L3 programming layer <2023-02-22>
(/opt/local/share/texmf-texlive/tex/latex/memoir/memoir.cls
Document Class: memoir 2022/11/17 v3.7.19 configurable book, report, article do
cument class
(/opt/local/share/texmf-texlive/tex/latex/etoolbox/etoolbox.sty
Package: etoolbox 2020/10/05 v2.5k e-TeX tools for LaTeX (JAW)
\etb@tempcnta=\count185
)
\onelineskip=\skip48
\lxvchars=\skip49
\xlvchars=\skip50
\@memcnta=\count186
\c@@memmarkcntra=\count187

(/opt/local/share/texmf-texlive/tex/generic/iftex/iftex.sty
Package: iftex 2022/02/03 v1.0f TeX engine tests
)
\stockheight=\dimen140
\stockwidth=\dimen141
\trimtop=\skip51
\trimedge=\skip52

(/opt/local/share/texmf-texlive/tex/latex/memoir/mem10.clo
File: mem10.clo 2022/07/29 v0.5 memoir class 10pt size option
)
\binding=\skip53
\spinemargin=\skip54
\foremargin=\skip55
\uppermargin=\skip56
\lowermargin=\skip57
\headdrop=\skip58
\normalrulethickness=\skip59
\mem@maxheadheight=\skip60
\mem@maxfootheight=\skip61
\headwidth=\skip62
\c@storedpagenumber=\count188
\memPD=\dimen142
\m@mabparskip=\skip63
\thanksmarkwidth=\skip64
\thanksmarksep=\skip65
\droptitle=\skip66
\c@book=\count189
\c@part=\count190
\c@chapter=\count191
\c@section=\count192
\c@subsection=\count193
\c@subsubsection=\count194
\c@paragraph=\count195
\c@subparagraph=\count196
\beforechapskip=\skip67
\midchapskip=\skip68
\afterchapskip=\skip69
\chapindent=\skip70
\bottomsectionskip=\skip71
\secindent=\skip72
\beforesecskip=\skip73
\aftersecskip=\skip74
\subsecindent=\skip75
\beforesubsecskip=\skip76
\aftersubsecskip=\skip77
\subsubsecindent=\skip78
\beforesubsubsecskip=\skip79
\aftersubsubsecskip=\skip80
\paraindent=\skip81
\beforeparaskip=\skip82
\afterparaskip=\skip83
\subparaindent=\skip84
\beforesubparaskip=\skip85
\aftersubparaskip=\skip86
\pfbreakskip=\skip87
\c@@ppsavesec=\count197
\c@@ppsaveapp=\count198
\ragrparindent=\dimen143
\everylistparindent=\dimen144
\parsepi=\skip88
\topsepi=\skip89
\itemsepi=\skip90
\parsepii=\skip91
\topsepii=\skip92
\topsepiii=\skip93
\itemsepii=\skip94
\itemsepiii=\skip95
\partopsepii=\skip96
\partopsepiii=\skip97
\m@msavetopsep=\skip98
\m@msavepartopsep=\skip99
\@enLab=\toks16
\abstitleskip=\skip100
\absleftindent=\skip101
\abs@leftindent=\dimen145
\absrightindent=\skip102
\absparindent=\skip103
\absparsep=\skip104
\c@vslineno=\count199
\c@poemline=\count266
\c@modulo@vs=\count267
\c@memfvsline=\count268
\vleftskip=\skip105
\vrightskip=\skip106
\stanzaskip=\skip107
\versewidth=\skip108
\vgap=\skip109
\vindent=\skip110
\vleftmargin=\dimen146
\c@verse=\count269
\c@chrsinstr=\count270
\beforepoemtitleskip=\skip111
\afterpoemtitleskip=\skip112
\c@poem=\count271
\beforePoemTitleskip=\skip113
\midPoemTitleskip=\skip114
\afterPoemTitleskip=\skip115

(/opt/local/share/texmf-texlive/tex/latex/tools/array.sty
Package: array 2022/09/04 v2.5g Tabular extension package (FMi)
\col@sep=\dimen147
\ar@mcellbox=\box51
\extrarowheight=\dimen148
\NC@list=\toks17
\extratabsurround=\skip116
\backup@length=\skip117
\ar@cellbox=\box52
)
(/opt/local/share/texmf-texlive/tex/latex/tools/dcolumn.sty
Package: dcolumn 2014/10/28 v1.06 decimal alignment package (DPC)
)
(/opt/local/share/texmf-texlive/tex/latex/tools/delarray.sty
Package: delarray 2014/10/28 v1.01 array delimiter package (DPC)
)
(/opt/local/share/texmf-texlive/tex/latex/tools/tabularx.sty
Package: tabularx 2020/01/15 v2.11c `tabularx' package (DPC)
\TX@col@width=\dimen149
\TX@old@table=\dimen150
\TX@old@col=\dimen151
\TX@target=\dimen152
\TX@delta=\dimen153
\TX@cols=\count272
\TX@ftn=\toks18
)
\heavyrulewidth=\dimen154
\lightrulewidth=\dimen155
\cmidrulewidth=\dimen156
\belowrulesep=\dimen157
\belowbottomsep=\dimen158
\aboverulesep=\dimen159
\abovetopsep=\dimen160
\cmidrulesep=\dimen161
\cmidrulekern=\dimen162
\defaultaddspace=\dimen163
\@cmidla=\count273
\@cmidlb=\count274
\@aboverulesep=\dimen164
\@belowrulesep=\dimen165
\@thisruleclass=\count275
\@lastruleclass=\count276
\@thisrulewidth=\dimen166
\ctableftskip=\skip118
\ctabrightskip=\skip119
\abovecolumnspenalty=\count277
\@linestogo=\count278
\@cellstogo=\count279
\@cellsincolumn=\count280
\crtok=\toks19
\@mincolumnwidth=\dimen167
\c@newflo@tctr=\count281
\mem@margin@floatbox=\box53
\@contcwidth=\skip120
\@contindw=\skip121
\abovecaptionskip=\skip122
\belowcaptionskip=\skip123
\subfloattopskip=\skip124
\subfloatcapskip=\skip125
\subfloatcaptopadj=\skip126
\subfloatbottomskip=\skip127
\subfloatlabelskip=\skip128
\subfloatcapmargin=\dimen168
\c@@contsubnum=\count282
\m@mscap@capbox=\box54
\m@mscap@fbox=\box55
\sidecapsep=\dimen169
\sidecapwidth=\dimen170
\m@m@tempdima=\dimen171
\m@mscapraise=\dimen172
\sidecapraise=\dimen173
\m@mscapmainwidth=\dimen174
\m@mscaplkern=\dimen175
\beforeepigraphskip=\skip129
\afterepigraphskip=\skip130
\epigraphwidth=\skip131
\epigraphrule=\skip132
LaTeX Info: Redefining \em on input line 7655.
LaTeX Info: Redefining \emph on input line 7663.
\tocentryskip=\skip133
\tocbaseline=\skip134
\cftparskip=\skip135
\cftbeforebookskip=\skip136
\cftbookindent=\dimen176
\cftbooknumwidth=\dimen177
\cftbeforepartskip=\skip137
\cftpartindent=\skip138
\cftpartnumwidth=\skip139
\cftbeforechapterskip=\skip140
\cftchapterindent=\skip141
\cftchapternumwidth=\skip142
\cftbeforesectionskip=\skip143
\cftsectionindent=\skip144
\cftsectionnumwidth=\skip145
\cftbeforesubsectionskip=\skip146
\cftsubsectionindent=\skip147
\cftsubsectionnumwidth=\skip148
\cftbeforesubsubsectionskip=\skip149
\cftsubsubsectionindent=\skip150
\cftsubsubsectionnumwidth=\skip151
\cftbeforeparagraphskip=\skip152
\cftparagraphindent=\skip153
\cftparagraphnumwidth=\skip154
\cftbeforesubparagraphskip=\skip155
\cftsubparagraphindent=\skip156
\cftsubparagraphnumwidth=\skip157
\prechapterprecisshift=\dimen178
\c@maxsecnumdepth=\count283
\bibindent=\dimen179
\bibitemsep=\skip158
\indexcolsep=\skip159
\indexrule=\skip160
\indexmarkstyle=\toks20
\@indexbox=\insert252
\glossarycolsep=\dimen180
\glossaryrule=\dimen181
\sideparvshift=\skip161
\sideins=\insert251
\sidebartopsep=\skip162
\sidebarhsep=\skip163
\sidebarvsep=\skip164
\sidebarwidth=\skip165
\footmarkwidth=\skip166
\footmarksep=\skip167
\footparindent=\skip168
\footinsdim=\skip169
\footinsv@r=\insert250
\@mpfootinsv@r=\insert249
\m@m@k=\count284
\m@m@h=\dimen182
\m@mipn@skip=\skip170
\sidefootins=\insert248
\sidefootadjust=\skip171
\sidefootheight=\skip172
\sidefoothsep=\skip173
\sidefootvsep=\skip174
\sidefootwidth=\skip175
\m@mdownsf=\skip176
\c@sidefootnote=\count285
\sidefootmarkwidth=\skip177
\sidefootmarksep=\skip178
\sidefootparindent=\skip179
\c@pagenote=\count286
\c@pagenoteshadow=\count287
\mem@pn@lastkern=\skip180
\every@verbatim=\toks21
\afterevery@verbatim=\toks22
\verbatim@line=\toks23
\tab@position=\count288
\verbatim@in@stream=\read2
\verbatimindent=\skip181
\verbatim@out=\write3
\bvboxsep=\skip182
\c@memfbvline=\count289
\c@bvlinectr=\count290
\bvnumlength=\skip183
\fb@frw=\dimen183
\fb@frh=\dimen184
\FrameRule=\dimen185
\FrameSep=\dimen186
\c@cp@cntr=\count291
\c@ism@mctr=\count292
\c@xsm@mctr=\count293
\c@csm@mctr=\count294
\c@ksm@mctr=\count295
\c@xksm@mctr=\count296
\c@cksm@mctr=\count297
\c@msm@mctr=\count298
\c@xmsm@mctr=\count299
\c@cmsm@mctr=\count300
\c@bsm@mctr=\count301
\c@workm@mctr=\count302
\c@sheetsequence=\count303
\c@lastsheet=\count304
\c@lastpage=\count305

(/opt/local/share/texmf-texlive/tex/latex/textcase/textcase.sty
Package: textcase 2022/07/10 v1.03 Text only upper/lower case changing (DPC)
Package textcase Info: Defining Legacy names on input line 20.
)
\c@figure=\count306
\c@lofdepth=\count307
\cftbeforefigureskip=\skip184
\cftfigureindent=\skip185
\cftfigurenumwidth=\skip186
\c@table=\count308
\c@lotdepth=\count309
\cftbeforetableskip=\skip187
\cfttableindent=\skip188
\cfttablenumwidth=\skip189
Package abstract [2008/07/23] emulated by memoir.
Package appendix [2008/07/23] emulated by memoir.
Package booktabs [2016/05/16] emulated by memoir.
Package ccaption [2008/07/23] emulated by memoir.
Package changepage [2008/07/23] emulated by memoir.
Package chngcntr [2008/07/23] emulated by memoir.
Package chngpage [2008/07/23] emulated by memoir.
Package crop emulated by memoir.
Package enumerate [2008/07/23] emulated by memoir.
Package epigraph [2008/07/23] emulated by memoir.
Package ifmtarg [2008/07/23] emulated by memoir.
Package index [2008/07/23] emulated by memoir.
Package makeidx [2008/07/23] emulated by memoir.
Package moreverb [2008/07/23] emulated by memoir.
Package needspace [2008/07/23] emulated by memoir.
Package newfile [2008/07/23] emulated by memoir.
Package nextpage [2008/07/23] emulated by memoir.
Package pagenote [2008/07/23] emulated by memoir.
Package parskip [2008/07/23] emulated by memoir.
Package patchcmd [2008/07/23] emulated by memoir.
Package setspace [2008/07/23] emulated by memoir.
Package shortvrb [2008/07/23] emulated by memoir.
Package showidx [2008/07/23] emulated by memoir.
Package titleref [2008/07/23] emulated by memoir.
Package titling [2008/07/23] emulated by memoir.
Package tocbibind [2008/07/23] emulated by memoir.
Package tocloft [2008/07/23] emulated by memoir.
Package tocvsec2 [2008/07/23] emulated by memoir.
Package verbatim [2008/07/23] emulated by memoir.
Package verse [2008/07/23] emulated by memoir.
)
(/opt/local/share/texmf-texlive/tex/latex/base/inputenc.sty
Package: inputenc 2021/02/14 v1.3d Input encoding file
\inpenc@prehook=\toks24
\inpenc@posthook=\toks25
)
(/opt/local/share/texmf-texlive/tex/latex/base/fontenc.sty
Package: fontenc 2021/04/29 v2.0v Standard LaTeX package
)
(/opt/local/share/texmf-texlive/tex/latex/fancyvrb/fancyvrb.sty
Package: fancyvrb 2023/01/19 4.5a verbatim text (tvz,hv)

(/opt/local/share/texmf-texlive/tex/latex/graphics/keyval.sty
Package: keyval 2022/05/29 v1.15 key=value parser (DPC)
\KV@toks@=\toks26
)
\FV@CodeLineNo=\count310
\FV@InFile=\read3
\FV@TabBox=\box56
\c@FancyVerbLine=\count311
\FV@StepNumber=\count312
\FV@OutFile=\write4
)
(/opt/local/share/texmf-texlive/tex/latex/psnfss/times.sty
Package: times 2020/03/25 PSNFSS-v9.3 (SPQR) 
)
(/opt/local/share/texmf-texlive/tex/latex/amsmath/amsmath.sty
Package: amsmath 2022/04/08 v2.17n AMS math features
\@mathmargin=\skip190

For additional information on amsmath, use the `?' option.
(/opt/local/share/texmf-texlive/tex/latex/amsmath/amstext.sty
Package: amstext 2021/08/26 v2.01 AMS text

(/opt/local/share/texmf-texlive/tex/latex/amsmath/amsgen.sty
File: amsgen.sty 1999/11/30 v2.0 generic functions
\@emptytoks=\toks27
\ex@=\dimen187
))
(/opt/local/share/texmf-texlive/tex/latex/amsmath/amsbsy.sty
Package: amsbsy 1999/11/29 v1.2d Bold Symbols
\pmbraise@=\dimen188
)
(/opt/local/share/texmf-texlive/tex/latex/amsmath/amsopn.sty
Package: amsopn 2022/04/08 v2.04 operator names
)
\inf@bad=\count313
LaTeX Info: Redefining \frac on input line 234.
\uproot@=\count314
\leftroot@=\count315
LaTeX Info: Redefining \overline on input line 399.
LaTeX Info: Redefining \colon on input line 410.
\classnum@=\count316
\DOTSCASE@=\count317
LaTeX Info: Redefining \ldots on input line 496.
LaTeX Info: Redefining \dots on input line 499.
LaTeX Info: Redefining \cdots on input line 620.
\Mathstrutbox@=\box57
\strutbox@=\box58
LaTeX Info: Redefining \big on input line 722.
LaTeX Info: Redefining \Big on input line 723.
LaTeX Info: Redefining \bigg on input line 724.
LaTeX Info: Redefining \Bigg on input line 725.
\big@size=\dimen189
LaTeX Font Info:    Redeclaring font encoding OML on input line 743.
LaTeX Font Info:    Redeclaring font encoding OMS on input line 744.
\macc@depth=\count318
LaTeX Info: Redefining \bmod on input line 905.
LaTeX Info: Redefining \pmod on input line 910.
LaTeX Info: Redefining \smash on input line 940.
LaTeX Info: Redefining \relbar on input line 970.
LaTeX Info: Redefining \Relbar on input line 971.
\c@MaxMatrixCols=\count319
\dotsspace@=\muskip16
\c@parentequation=\count320
\dspbrk@lvl=\count321
\tag@help=\toks28
\row@=\count322
\column@=\count323
\maxfields@=\count324
\andhelp@=\toks29
\eqnshift@=\dimen190
\alignsep@=\dimen191
\tagshift@=\dimen192
\tagwidth@=\dimen193
\totwidth@=\dimen194
\lineht@=\dimen195
\@envbody=\toks30
\multlinegap=\skip191
\multlinetaggap=\skip192
\mathdisplay@stack=\toks31
LaTeX Info: Redefining \[ on input line 2953.
LaTeX Info: Redefining \] on input line 2954.
)
(/opt/local/share/texmf-texlive/tex/latex/amsfonts/amssymb.sty
Package: amssymb 2013/01/14 v3.01 AMS font symbols

(/opt/local/share/texmf-texlive/tex/latex/amsfonts/amsfonts.sty
Package: amsfonts 2013/01/14 v3.01 Basic AMSFonts support
\symAMSa=\mathgroup4
\symAMSb=\mathgroup5
LaTeX Font Info:    Redeclaring math symbol \hbar on input line 98.
LaTeX Font Info:    Overwriting math alphabet `\mathfrak' in version `bold'
(Font)                  U/euf/m/n --> U/euf/b/n on input line 106.
))
(./ifc-format.sty
Package: ifc-format 2017/05/20
 (/opt/local/share/texmf-texlive/tex/latex/euler/euler.sty
Package: euler 1995/03/05 v2.5

Package: `euler' v2.5 <1995/03/05> (FJ and FMi)
LaTeX Font Info:    Redeclaring symbol font `letters' on input line 35.
LaTeX Font Info:    Encoding `OML' has changed to `U' for symbol font
(Font)              `letters' in the math version `normal' on input line 35.
LaTeX Font Info:    Overwriting symbol font `letters' in version `normal'
(Font)                  OML/cmm/m/it --> U/eur/m/n on input line 35.
LaTeX Font Info:    Encoding `OML' has changed to `U' for symbol font
(Font)              `letters' in the math version `bold' on input line 35.
LaTeX Font Info:    Overwriting symbol font `letters' in version `bold'
(Font)                  OML/cmm/b/it --> U/eur/m/n on input line 35.
LaTeX Font Info:    Overwriting symbol font `letters' in version `bold'
(Font)                  U/eur/m/n --> U/eur/b/n on input line 36.
LaTeX Font Info:    Redeclaring math symbol \Gamma on input line 47.
LaTeX Font Info:    Redeclaring math symbol \Delta on input line 48.
LaTeX Font Info:    Redeclaring math symbol \Theta on input line 49.
LaTeX Font Info:    Redeclaring math symbol \Lambda on input line 50.
LaTeX Font Info:    Redeclaring math symbol \Xi on input line 51.
LaTeX Font Info:    Redeclaring math symbol \Pi on input line 52.
LaTeX Font Info:    Redeclaring math symbol \Sigma on input line 53.
LaTeX Font Info:    Redeclaring math symbol \Upsilon on input line 54.
LaTeX Font Info:    Redeclaring math symbol \Phi on input line 55.
LaTeX Font Info:    Redeclaring math symbol \Psi on input line 56.
LaTeX Font Info:    Redeclaring math symbol \Omega on input line 57.
\symEulerFraktur=\mathgroup6
LaTeX Font Info:    Overwriting symbol font `EulerFraktur' in version `bold'
(Font)                  U/euf/m/n --> U/euf/b/n on input line 63.
LaTeX Font Info:    Redeclaring math alphabet \mathfrak on input line 64.
LaTeX Info: Redefining \oldstylenums on input line 85.
\symEulerScript=\mathgroup7
LaTeX Font Info:    Overwriting symbol font `EulerScript' in version `bold'
(Font)                  U/eus/m/n --> U/eus/b/n on input line 93.
LaTeX Font Info:    Redeclaring math symbol \aleph on input line 97.
LaTeX Font Info:    Redeclaring math symbol \Re on input line 98.
LaTeX Font Info:    Redeclaring math symbol \Im on input line 99.
LaTeX Font Info:    Redeclaring math delimiter \vert on input line 101.
LaTeX Font Info:    Redeclaring math delimiter \backslash on input line 103.
LaTeX Font Info:    Redeclaring math symbol \neg on input line 106.
LaTeX Font Info:    Redeclaring math symbol \wedge on input line 108.
LaTeX Font Info:    Redeclaring math symbol \vee on input line 110.
LaTeX Font Info:    Redeclaring math symbol \setminus on input line 112.
LaTeX Font Info:    Redeclaring math symbol \sim on input line 113.
LaTeX Font Info:    Redeclaring math symbol \mid on input line 114.
LaTeX Font Info:    Redeclaring math delimiter \arrowvert on input line 116.
LaTeX Font Info:    Redeclaring math symbol \mathsection on input line 117.
\symEulerExtension=\mathgroup8
LaTeX Font Info:    Redeclaring math symbol \coprod@ on input line 125.
LaTeX Font Info:    Redeclaring math symbol \prod@ on input line 125.
LaTeX Font Info:    Redeclaring math symbol \sum@ on input line 125.
LaTeX Font Info:    Redeclaring math symbol \intop on input line 130.
LaTeX Font Info:    Redeclaring math symbol \ointop on input line 131.
LaTeX Font Info:    Redeclaring math symbol \braceld on input line 132.
LaTeX Font Info:    Redeclaring math symbol \bracerd on input line 133.
LaTeX Font Info:    Redeclaring math symbol \bracelu on input line 134.
LaTeX Font Info:    Redeclaring math symbol \braceru on input line 135.
LaTeX Font Info:    Redeclaring math symbol \infty on input line 136.
LaTeX Font Info:    Redeclaring math symbol \nearrow on input line 153.
LaTeX Font Info:    Redeclaring math symbol \searrow on input line 154.
LaTeX Font Info:    Redeclaring math symbol \nwarrow on input line 155.
LaTeX Font Info:    Redeclaring math symbol \swarrow on input line 156.
LaTeX Font Info:    Redeclaring math symbol \Leftrightarrow on input line 157.
LaTeX Font Info:    Redeclaring math symbol \Leftarrow on input line 158.
LaTeX Font Info:    Redeclaring math symbol \Rightarrow on input line 159.
LaTeX Font Info:    Redeclaring math symbol \leftrightarrow on input line 160.
LaTeX Font Info:    Redeclaring math symbol \leftarrow on input line 161.
LaTeX Font Info:    Redeclaring math symbol \rightarrow on input line 163.
LaTeX Font Info:    Redeclaring math delimiter \uparrow on input line 166.
LaTeX Font Info:    Redeclaring math delimiter \downarrow on input line 168.
LaTeX Font Info:    Redeclaring math delimiter \updownarrow on input line 170.
LaTeX Font Info:    Redeclaring math delimiter \Uparrow on input line 172.
LaTeX Font Info:    Redeclaring math delimiter \Downarrow on input line 174.
LaTeX Font Info:    Redeclaring math delimiter \Updownarrow on input line 176.
LaTeX Font Info:    Redeclaring math symbol \leftharpoonup on input line 177.
LaTeX Font Info:    Redeclaring math symbol \leftharpoondown on input line 178.

LaTeX Font Info:    Redeclaring math symbol \rightharpoonup on input line 179.
LaTeX Font Info:    Redeclaring math symbol \rightharpoondown on input line 180
.
LaTeX Font Info:    Redeclaring math delimiter \lbrace on input line 182.
LaTeX Font Info:    Redeclaring math delimiter \rbrace on input line 184.
\symcmmigroup=\mathgroup9
LaTeX Font Info:    Overwriting symbol font `cmmigroup' in version `bold'
(Font)                  OML/cmm/m/it --> OML/cmm/b/it on input line 200.
LaTeX Font Info:    Redeclaring math accent \vec on input line 201.
LaTeX Font Info:    Redeclaring math symbol \triangleleft on input line 202.
LaTeX Font Info:    Redeclaring math symbol \triangleright on input line 203.
LaTeX Font Info:    Redeclaring math symbol \star on input line 204.
LaTeX Font Info:    Redeclaring math symbol \lhook on input line 205.
LaTeX Font Info:    Redeclaring math symbol \rhook on input line 206.
LaTeX Font Info:    Redeclaring math symbol \flat on input line 207.
LaTeX Font Info:    Redeclaring math symbol \natural on input line 208.
LaTeX Font Info:    Redeclaring math symbol \sharp on input line 209.
LaTeX Font Info:    Redeclaring math symbol \smile on input line 210.
LaTeX Font Info:    Redeclaring math symbol \frown on input line 211.
LaTeX Font Info:    Redeclaring math accent \grave on input line 245.
LaTeX Font Info:    Redeclaring math accent \acute on input line 246.
LaTeX Font Info:    Redeclaring math accent \tilde on input line 247.
LaTeX Font Info:    Redeclaring math accent \ddot on input line 248.
LaTeX Font Info:    Redeclaring math accent \check on input line 249.
LaTeX Font Info:    Redeclaring math accent \breve on input line 250.
LaTeX Font Info:    Redeclaring math accent \bar on input line 251.
LaTeX Font Info:    Redeclaring math accent \dot on input line 252.
LaTeX Font Info:    Redeclaring math accent \hat on input line 254.
) (/opt/local/share/texmf-texlive/tex/latex/float/float.sty
Package: float 2001/11/08 v1.3d Float enhancements (AL)
\c@float@type=\count325
\float@exts=\toks32
\float@box=\box59
\@float@everytoks=\toks33
\@floatcapt=\box60
)
(/opt/local/share/texmf-texlive/tex/latex/pgf/frontendlayer/tikz.sty
(/opt/local/share/texmf-texlive/tex/latex/pgf/basiclayer/pgf.sty
(/opt/local/share/texmf-texlive/tex/latex/pgf/utilities/pgfrcs.sty
(/opt/local/share/texmf-texlive/tex/generic/pgf/utilities/pgfutil-common.tex
\pgfutil@everybye=\toks34
\pgfutil@tempdima=\dimen196
\pgfutil@tempdimb=\dimen197
)
(/opt/local/share/texmf-texlive/tex/generic/pgf/utilities/pgfutil-latex.def
\pgfutil@abb=\box61
)
(/opt/local/share/texmf-texlive/tex/generic/pgf/utilities/pgfrcs.code.tex
(/opt/local/share/texmf-texlive/tex/generic/pgf/pgf.revision.tex)
Package: pgfrcs 2023-01-15 v3.1.10 (3.1.10)
))
Package: pgf 2023-01-15 v3.1.10 (3.1.10)

(/opt/local/share/texmf-texlive/tex/latex/pgf/basiclayer/pgfcore.sty
(/opt/local/share/texmf-texlive/tex/latex/graphics/graphicx.sty
Package: graphicx 2021/09/16 v1.2d Enhanced LaTeX Graphics (DPC,SPQR)

(/opt/local/share/texmf-texlive/tex/latex/graphics/graphics.sty
Package: graphics 2022/03/10 v1.4e Standard LaTeX Graphics (DPC,SPQR)

(/opt/local/share/texmf-texlive/tex/latex/graphics/trig.sty
Package: trig 2021/08/11 v1.11 sin cos tan (DPC)
)
(/opt/local/share/texmf-texlive/tex/latex/graphics-cfg/graphics.cfg
File: graphics.cfg 2016/06/04 v1.11 sample graphics configuration
)
Package graphics Info: Driver file: pdftex.def on input line 107.

(/opt/local/share/texmf-texlive/tex/latex/graphics-def/pdftex.def
File: pdftex.def 2022/09/22 v1.2b Graphics/color driver for pdftex
))
\Gin@req@height=\dimen198
\Gin@req@width=\dimen199
)
(/opt/local/share/texmf-texlive/tex/latex/pgf/systemlayer/pgfsys.sty
(/opt/local/share/texmf-texlive/tex/generic/pgf/systemlayer/pgfsys.code.tex
Package: pgfsys 2023-01-15 v3.1.10 (3.1.10)

(/opt/local/share/texmf-texlive/tex/generic/pgf/utilities/pgfkeys.code.tex
\pgfkeys@pathtoks=\toks35
\pgfkeys@temptoks=\toks36

(/opt/local/share/texmf-texlive/tex/generic/pgf/utilities/pgfkeyslibraryfiltere
d.code.tex
\pgfkeys@tmptoks=\toks37
))
\pgf@x=\dimen256
\pgf@y=\dimen257
\pgf@xa=\dimen258
\pgf@ya=\dimen259
\pgf@xb=\dimen260
\pgf@yb=\dimen261
\pgf@xc=\dimen262
\pgf@yc=\dimen263
\pgf@xd=\dimen264
\pgf@yd=\dimen265
\w@pgf@writea=\write5
\r@pgf@reada=\read4
\c@pgf@counta=\count326
\c@pgf@countb=\count327
\c@pgf@countc=\count328
\c@pgf@countd=\count329
\t@pgf@toka=\toks38
\t@pgf@tokb=\toks39
\t@pgf@tokc=\toks40
\pgf@sys@id@count=\count330

(/opt/local/share/texmf-texlive/tex/generic/pgf/systemlayer/pgf.cfg
File: pgf.cfg 2023-01-15 v3.1.10 (3.1.10)
)
Driver file for pgf: pgfsys-pdftex.def

(/opt/local/share/texmf-texlive/tex/generic/pgf/systemlayer/pgfsys-pdftex.def
File: pgfsys-pdftex.def 2023-01-15 v3.1.10 (3.1.10)

(/opt/local/share/texmf-texlive/tex/generic/pgf/systemlayer/pgfsys-common-pdf.d
ef
File: pgfsys-common-pdf.def 2023-01-15 v3.1.10 (3.1.10)
)))
(/opt/local/share/texmf-texlive/tex/generic/pgf/systemlayer/pgfsyssoftpath.code
.tex
File: pgfsyssoftpath.code.tex 2023-01-15 v3.1.10 (3.1.10)
\pgfsyssoftpath@smallbuffer@items=\count331
\pgfsyssoftpath@bigbuffer@items=\count332
)
(/opt/local/share/texmf-texlive/tex/generic/pgf/systemlayer/pgfsysprotocol.code
.tex
File: pgfsysprotocol.code.tex 2023-01-15 v3.1.10 (3.1.10)
)) (/opt/local/share/texmf-texlive/tex/latex/xcolor/xcolor.sty
Package: xcolor 2022/06/12 v2.14 LaTeX color extensions (UK)

(/opt/local/share/texmf-texlive/tex/latex/graphics-cfg/color.cfg
File: color.cfg 2016/01/02 v1.6 sample color configuration
)
Package xcolor Info: Driver file: pdftex.def on input line 227.

(/opt/local/share/texmf-texlive/tex/latex/graphics/mathcolor.ltx)
Package xcolor Info: Model `cmy' substituted by `cmy0' on input line 1353.
Package xcolor Info: Model `hsb' substituted by `rgb' on input line 1357.
Package xcolor Info: Model `RGB' extended on input line 1369.
Package xcolor Info: Model `HTML' substituted by `rgb' on input line 1371.
Package xcolor Info: Model `Hsb' substituted by `hsb' on input line 1372.
Package xcolor Info: Model `tHsb' substituted by `hsb' on input line 1373.
Package xcolor Info: Model `HSB' substituted by `hsb' on input line 1374.
Package xcolor Info: Model `Gray' substituted by `gray' on input line 1375.
Package xcolor Info: Model `wave' substituted by `hsb' on input line 1376.
)
(/opt/local/share/texmf-texlive/tex/generic/pgf/basiclayer/pgfcore.code.tex
Package: pgfcore 2023-01-15 v3.1.10 (3.1.10)

(/opt/local/share/texmf-texlive/tex/generic/pgf/math/pgfmath.code.tex
(/opt/local/share/texmf-texlive/tex/generic/pgf/math/pgfmathutil.code.tex)
(/opt/local/share/texmf-texlive/tex/generic/pgf/math/pgfmathparser.code.tex
\pgfmath@dimen=\dimen266
\pgfmath@count=\count333
\pgfmath@box=\box62
\pgfmath@toks=\toks41
\pgfmath@stack@operand=\toks42
\pgfmath@stack@operation=\toks43
)
(/opt/local/share/texmf-texlive/tex/generic/pgf/math/pgfmathfunctions.code.tex)

(/opt/local/share/texmf-texlive/tex/generic/pgf/math/pgfmathfunctions.basic.cod
e.tex)
(/opt/local/share/texmf-texlive/tex/generic/pgf/math/pgfmathfunctions.trigonome
tric.code.tex)
(/opt/local/share/texmf-texlive/tex/generic/pgf/math/pgfmathfunctions.random.co
de.tex)
(/opt/local/share/texmf-texlive/tex/generic/pgf/math/pgfmathfunctions.compariso
n.code.tex)
(/opt/local/share/texmf-texlive/tex/generic/pgf/math/pgfmathfunctions.base.code
.tex)
(/opt/local/share/texmf-texlive/tex/generic/pgf/math/pgfmathfunctions.round.cod
e.tex)
(/opt/local/share/texmf-texlive/tex/generic/pgf/math/pgfmathfunctions.misc.code
.tex)
(/opt/local/share/texmf-texlive/tex/generic/pgf/math/pgfmathfunctions.integerar
ithmetics.code.tex)
(/opt/local/share/texmf-texlive/tex/generic/pgf/math/pgfmathcalc.code.tex)
(/opt/local/share/texmf-texlive/tex/generic/pgf/math/pgfmathfloat.code.tex
\c@pgfmathroundto@lastzeros=\count334
))
(/opt/local/share/texmf-texlive/tex/generic/pgf/math/pgfint.code.tex)
(/opt/local/share/texmf-texlive/tex/generic/pgf/basiclayer/pgfcorepoints.code.t
ex
File: pgfcorepoints.code.tex 2023-01-15 v3.1.10 (3.1.10)
\pgf@picminx=\dimen267
\pgf@picmaxx=\dimen268
\pgf@picminy=\dimen269
\pgf@picmaxy=\dimen270
\pgf@pathminx=\dimen271
\pgf@pathmaxx=\dimen272
\pgf@pathminy=\dimen273
\pgf@pathmaxy=\dimen274
\pgf@xx=\dimen275
\pgf@xy=\dimen276
\pgf@yx=\dimen277
\pgf@yy=\dimen278
\pgf@zx=\dimen279
\pgf@zy=\dimen280
)
(/opt/local/share/texmf-texlive/tex/generic/pgf/basiclayer/pgfcorepathconstruct
.code.tex
File: pgfcorepathconstruct.code.tex 2023-01-15 v3.1.10 (3.1.10)
\pgf@path@lastx=\dimen281
\pgf@path@lasty=\dimen282
)
(/opt/local/share/texmf-texlive/tex/generic/pgf/basiclayer/pgfcorepathusage.cod
e.tex
File: pgfcorepathusage.code.tex 2023-01-15 v3.1.10 (3.1.10)
\pgf@shorten@end@additional=\dimen283
\pgf@shorten@start@additional=\dimen284
)
(/opt/local/share/texmf-texlive/tex/generic/pgf/basiclayer/pgfcorescopes.code.t
ex
File: pgfcorescopes.code.tex 2023-01-15 v3.1.10 (3.1.10)
\pgfpic=\box63
\pgf@hbox=\box64
\pgf@layerbox@main=\box65
\pgf@picture@serial@count=\count335
)
(/opt/local/share/texmf-texlive/tex/generic/pgf/basiclayer/pgfcoregraphicstate.
code.tex
File: pgfcoregraphicstate.code.tex 2023-01-15 v3.1.10 (3.1.10)
\pgflinewidth=\dimen285
)
(/opt/local/share/texmf-texlive/tex/generic/pgf/basiclayer/pgfcoretransformatio
ns.code.tex
File: pgfcoretransformations.code.tex 2023-01-15 v3.1.10 (3.1.10)
\pgf@pt@x=\dimen286
\pgf@pt@y=\dimen287
\pgf@pt@temp=\dimen288
)
(/opt/local/share/texmf-texlive/tex/generic/pgf/basiclayer/pgfcorequick.code.te
x
File: pgfcorequick.code.tex 2023-01-15 v3.1.10 (3.1.10)
)
(/opt/local/share/texmf-texlive/tex/generic/pgf/basiclayer/pgfcoreobjects.code.
tex
File: pgfcoreobjects.code.tex 2023-01-15 v3.1.10 (3.1.10)
)
(/opt/local/share/texmf-texlive/tex/generic/pgf/basiclayer/pgfcorepathprocessin
g.code.tex
File: pgfcorepathprocessing.code.tex 2023-01-15 v3.1.10 (3.1.10)
)
(/opt/local/share/texmf-texlive/tex/generic/pgf/basiclayer/pgfcorearrows.code.t
ex
File: pgfcorearrows.code.tex 2023-01-15 v3.1.10 (3.1.10)
\pgfarrowsep=\dimen289
)
(/opt/local/share/texmf-texlive/tex/generic/pgf/basiclayer/pgfcoreshade.code.te
x
File: pgfcoreshade.code.tex 2023-01-15 v3.1.10 (3.1.10)
\pgf@max=\dimen290
\pgf@sys@shading@range@num=\count336
\pgf@shadingcount=\count337
)
(/opt/local/share/texmf-texlive/tex/generic/pgf/basiclayer/pgfcoreimage.code.te
x
File: pgfcoreimage.code.tex 2023-01-15 v3.1.10 (3.1.10)
)
(/opt/local/share/texmf-texlive/tex/generic/pgf/basiclayer/pgfcoreexternal.code
.tex
File: pgfcoreexternal.code.tex 2023-01-15 v3.1.10 (3.1.10)
\pgfexternal@startupbox=\box66
)
(/opt/local/share/texmf-texlive/tex/generic/pgf/basiclayer/pgfcorelayers.code.t
ex
File: pgfcorelayers.code.tex 2023-01-15 v3.1.10 (3.1.10)
)
(/opt/local/share/texmf-texlive/tex/generic/pgf/basiclayer/pgfcoretransparency.
code.tex
File: pgfcoretransparency.code.tex 2023-01-15 v3.1.10 (3.1.10)
)
(/opt/local/share/texmf-texlive/tex/generic/pgf/basiclayer/pgfcorepatterns.code
.tex
File: pgfcorepatterns.code.tex 2023-01-15 v3.1.10 (3.1.10)
)
(/opt/local/share/texmf-texlive/tex/generic/pgf/basiclayer/pgfcorerdf.code.tex
File: pgfcorerdf.code.tex 2023-01-15 v3.1.10 (3.1.10)
)))
(/opt/local/share/texmf-texlive/tex/generic/pgf/modules/pgfmoduleshapes.code.te
x
File: pgfmoduleshapes.code.tex 2023-01-15 v3.1.10 (3.1.10)
\pgfnodeparttextbox=\box67
)
(/opt/local/share/texmf-texlive/tex/generic/pgf/modules/pgfmoduleplot.code.tex
File: pgfmoduleplot.code.tex 2023-01-15 v3.1.10 (3.1.10)
)
(/opt/local/share/texmf-texlive/tex/latex/pgf/compatibility/pgfcomp-version-0-6
5.sty
Package: pgfcomp-version-0-65 2023-01-15 v3.1.10 (3.1.10)
\pgf@nodesepstart=\dimen291
\pgf@nodesepend=\dimen292
)
(/opt/local/share/texmf-texlive/tex/latex/pgf/compatibility/pgfcomp-version-1-1
8.sty
Package: pgfcomp-version-1-18 2023-01-15 v3.1.10 (3.1.10)
)) (/opt/local/share/texmf-texlive/tex/latex/pgf/utilities/pgffor.sty
(/opt/local/share/texmf-texlive/tex/latex/pgf/utilities/pgfkeys.sty
(/opt/local/share/texmf-texlive/tex/generic/pgf/utilities/pgfkeys.code.tex))
(/opt/local/share/texmf-texlive/tex/latex/pgf/math/pgfmath.sty
(/opt/local/share/texmf-texlive/tex/generic/pgf/math/pgfmath.code.tex))
(/opt/local/share/texmf-texlive/tex/generic/pgf/utilities/pgffor.code.tex
Package: pgffor 2023-01-15 v3.1.10 (3.1.10)
\pgffor@iter=\dimen293
\pgffor@skip=\dimen294
\pgffor@stack=\toks44
\pgffor@toks=\toks45
))
(/opt/local/share/texmf-texlive/tex/generic/pgf/frontendlayer/tikz/tikz.code.te
x
Package: tikz 2023-01-15 v3.1.10 (3.1.10)

(/opt/local/share/texmf-texlive/tex/generic/pgf/libraries/pgflibraryplothandler
s.code.tex
File: pgflibraryplothandlers.code.tex 2023-01-15 v3.1.10 (3.1.10)
\pgf@plot@mark@count=\count338
\pgfplotmarksize=\dimen295
)
\tikz@lastx=\dimen296
\tikz@lasty=\dimen297
\tikz@lastxsaved=\dimen298
\tikz@lastysaved=\dimen299
\tikz@lastmovetox=\dimen300
\tikz@lastmovetoy=\dimen301
\tikzleveldistance=\dimen302
\tikzsiblingdistance=\dimen303
\tikz@figbox=\box68
\tikz@figbox@bg=\box69
\tikz@tempbox=\box70
\tikz@tempbox@bg=\box71
\tikztreelevel=\count339
\tikznumberofchildren=\count340
\tikznumberofcurrentchild=\count341
\tikz@fig@count=\count342

(/opt/local/share/texmf-texlive/tex/generic/pgf/modules/pgfmodulematrix.code.te
x
File: pgfmodulematrix.code.tex 2023-01-15 v3.1.10 (3.1.10)
\pgfmatrixcurrentrow=\count343
\pgfmatrixcurrentcolumn=\count344
\pgf@matrix@numberofcolumns=\count345
)
\tikz@expandcount=\count346

(/opt/local/share/texmf-texlive/tex/generic/pgf/frontendlayer/tikz/libraries/ti
kzlibrarytopaths.code.tex
File: tikzlibrarytopaths.code.tex 2023-01-15 v3.1.10 (3.1.10)
))) (./object-layout.sty
Package: object-layout 2020/01/30

(/opt/local/share/texmf-texlive/tex/latex/tools/calc.sty
Package: calc 2017/05/25 v4.3 Infix arithmetic (KKT,FJ)
\calc@Acount=\count347
\calc@Bcount=\count348
\calc@Adimen=\dimen304
\calc@Bdimen=\dimen305
\calc@Askip=\skip193
\calc@Bskip=\skip194
LaTeX Info: Redefining \setlength on input line 80.
LaTeX Info: Redefining \addtolength on input line 81.
\calc@Ccount=\count349
\calc@Cskip=\skip195
)
\c@@gdr:tmp:num=\count350
\c@@gdr:roundup:tmp=\count351
\c@@gdr:type:align@i8=\count352
\c@@gdr:type:align@u8=\count353
\c@@gdr:type:align@i16=\count354
\c@@gdr:type:align@u16=\count355
\c@@gdr:type:align@i32=\count356
\c@@gdr:type:align@u32=\count357
\c@@gdr:type:align@i64=\count358
\c@@gdr:type:align@u64=\count359
)
(/opt/local/share/texmf-texlive/tex/latex/bytefield/bytefield.sty
Package: bytefield 2021/08/17 v2.7 Network protocol diagrams
\bytefield@height=\skip196
\bytefield@height@increment=\skip197
\entire@bytefield@picture=\box72
\bf@bitwidth=\skip198
\bf@bitheight=\skip199
\units@wide=\skip256
\units@tall=\skip257
\units@high=\skip258
\header@xpos=\skip259
\c@header@val=\count360
\c@max@header@val=\count361
\curly@box=\box73
\wordlabelr@start=\skip260
\wordlabelr@end=\skip261
\wordlabell@start=\skip262
\wordlabell@end=\skip263
\total@lbox@width=\skip264
\label@box@width=\skip265
\label@box@height=\skip266
\word@label@box=\box74
)
(/opt/local/share/texmf-texlive/tex/latex/tools/multicol.sty
Package: multicol 2021/11/30 v1.9d multicolumn formatting (FMi)
\c@tracingmulticols=\count362
\mult@box=\box75
\multicol@leftmargin=\dimen306
\c@unbalance=\count363
\c@collectmore=\count364
\doublecol@number=\count365
\multicoltolerance=\count366
\multicolpretolerance=\count367
\full@width=\dimen307
\page@free=\dimen308
\premulticols=\dimen309
\postmulticols=\dimen310
\multicolsep=\skip267
\multicolbaselineskip=\skip268
\partial@page=\box76
\last@line=\box77
\maxbalancingoverflow=\dimen311
\mult@rightbox=\box78
\mult@grightbox=\box79
\mult@firstbox=\box80
\mult@gfirstbox=\box81
\@tempa=\box82
\@tempa=\box83
\@tempa=\box84
\@tempa=\box85
\@tempa=\box86
\@tempa=\box87
\@tempa=\box88
\@tempa=\box89
\@tempa=\box90
\@tempa=\box91
\@tempa=\box92
\@tempa=\box93
\@tempa=\box94
\@tempa=\box95
\@tempa=\box96
\@tempa=\box97
\@tempa=\box98
\@tempa=\box99
\@tempa=\box100
\@tempa=\box101
\@tempa=\box102
\@tempa=\box103
\@tempa=\box104
\@tempa=\box105
\@tempa=\box106
\@tempa=\box107
\@tempa=\box108
\@tempa=\box109
\@tempa=\box110
\@tempa=\box111
\@tempa=\box112
\@tempa=\box113
\@tempa=\box114
\@tempa=\box115
\@tempa=\box116
\@tempa=\box117
\c@minrows=\count368
\c@columnbadness=\count369
\c@finalcolumnbadness=\count370
\last@try=\dimen312
\multicolovershoot=\dimen313
\multicolundershoot=\dimen314
\mult@nat@firstbox=\box118
\colbreak@box=\box119
\mc@col@check@num=\count371
)
(/opt/local/share/texmf-texlive/tex/generic/kastrup/binhex.tex)
(/opt/local/share/texmf-texlive/tex/latex/listings/listings.sty
\lst@mode=\count372
\lst@gtempboxa=\box120
\lst@token=\toks46
\lst@length=\count373
\lst@currlwidth=\dimen315
\lst@column=\count374
\lst@pos=\count375
\lst@lostspace=\dimen316
\lst@width=\dimen317
\lst@newlines=\count376
\lst@lineno=\count377
\lst@maxwidth=\dimen318

(/opt/local/share/texmf-texlive/tex/latex/listings/lstmisc.sty
File: lstmisc.sty 2023/02/27 1.9 (Carsten Heinz)
\c@lstnumber=\count378
\lst@skipnumbers=\count379
\lst@framebox=\box121
)
(/opt/local/share/texmf-texlive/tex/latex/listings/listings.cfg
File: listings.cfg 2023/02/27 1.9 listings configuration
))
Package: listings 2023/02/27 1.9 (Carsten Heinz)

(/opt/local/share/texmf-texlive/tex/latex/hyperref/hyperref.sty
Package: hyperref 2023-02-07 v7.00v Hypertext links for LaTeX

(/opt/local/share/texmf-texlive/tex/generic/ltxcmds/ltxcmds.sty
Package: ltxcmds 2020-05-10 v1.25 LaTeX kernel commands for general use (HO)
)
(/opt/local/share/texmf-texlive/tex/generic/pdftexcmds/pdftexcmds.sty
Package: pdftexcmds 2020-06-27 v0.33 Utility functions of pdfTeX for LuaTeX (HO
)

(/opt/local/share/texmf-texlive/tex/generic/infwarerr/infwarerr.sty
Package: infwarerr 2019/12/03 v1.5 Providing info/warning/error messages (HO)
)
Package pdftexcmds Info: \pdf@primitive is available.
Package pdftexcmds Info: \pdf@ifprimitive is available.
Package pdftexcmds Info: \pdfdraftmode found.
)
(/opt/local/share/texmf-texlive/tex/latex/kvsetkeys/kvsetkeys.sty
Package: kvsetkeys 2022-10-05 v1.19 Key value parser (HO)
)
(/opt/local/share/texmf-texlive/tex/generic/kvdefinekeys/kvdefinekeys.sty
Package: kvdefinekeys 2019-12-19 v1.6 Define keys (HO)
)
(/opt/local/share/texmf-texlive/tex/generic/pdfescape/pdfescape.sty
Package: pdfescape 2019/12/09 v1.15 Implements pdfTeX's escape features (HO)
)
(/opt/local/share/texmf-texlive/tex/latex/hycolor/hycolor.sty
Package: hycolor 2020-01-27 v1.10 Color options for hyperref/bookmark (HO)
)
(/opt/local/share/texmf-texlive/tex/latex/letltxmacro/letltxmacro.sty
Package: letltxmacro 2019/12/03 v1.6 Let assignment for LaTeX macros (HO)
)
(/opt/local/share/texmf-texlive/tex/latex/auxhook/auxhook.sty
Package: auxhook 2019-12-17 v1.6 Hooks for auxiliary files (HO)
)
(/opt/local/share/texmf-texlive/tex/latex/hyperref/nameref.sty
Package: nameref 2022-05-17 v2.50 Cross-referencing by name of section

(/opt/local/share/texmf-texlive/tex/latex/refcount/refcount.sty
Package: refcount 2019/12/15 v3.6 Data extraction from label references (HO)
)
(/opt/local/share/texmf-texlive/tex/generic/gettitlestring/gettitlestring.sty
Package: gettitlestring 2019/12/15 v1.6 Cleanup title references (HO)

(/opt/local/share/texmf-texlive/tex/latex/kvoptions/kvoptions.sty
Package: kvoptions 2022-06-15 v3.15 Key value format for package options (HO)
))
\c@section@level=\count380
)
\@linkdim=\dimen319
\Hy@linkcounter=\count381
\Hy@pagecounter=\count382

(/opt/local/share/texmf-texlive/tex/latex/hyperref/pd1enc.def
File: pd1enc.def 2023-02-07 v7.00v Hyperref: PDFDocEncoding definition (HO)
Now handling font encoding PD1 ...
... no UTF-8 mapping file for font encoding PD1
)
(/opt/local/share/texmf-texlive/tex/generic/intcalc/intcalc.sty
Package: intcalc 2019/12/15 v1.3 Expandable calculations with integers (HO)
)
(/opt/local/share/texmf-texlive/tex/generic/etexcmds/etexcmds.sty
Package: etexcmds 2019/12/15 v1.7 Avoid name clashes with e-TeX commands (HO)
)
\Hy@SavedSpaceFactor=\count383

(/opt/local/share/texmf-texlive/tex/latex/hyperref/puenc.def
File: puenc.def 2023-02-07 v7.00v Hyperref: PDF Unicode definition (HO)
Now handling font encoding PU ...
... no UTF-8 mapping file for font encoding PU
)
Package hyperref Info: Hyper figures OFF on input line 4177.
Package hyperref Info: Link nesting OFF on input line 4182.
Package hyperref Info: Hyper index ON on input line 4185.
Package hyperref Info: Plain pages OFF on input line 4192.
Package hyperref Info: Backreferencing OFF on input line 4197.
Package hyperref Info: Implicit mode ON; LaTeX internals redefined.
Package hyperref Info: Bookmarks ON on input line 4425.
\c@Hy@tempcnt=\count384

(/opt/local/share/texmf-texlive/tex/latex/url/url.sty
\Urlmuskip=\muskip17
Package: url 2013/09/16  ver 3.4  Verb mode for urls, etc.
)
LaTeX Info: Redefining \url on input line 4763.
\XeTeXLinkMargin=\dimen320

(/opt/local/share/texmf-texlive/tex/generic/bitset/bitset.sty
Package: bitset 2019/12/09 v1.3 Handle bit-vector datatype (HO)

(/opt/local/share/texmf-texlive/tex/generic/bigintcalc/bigintcalc.sty
Package: bigintcalc 2019/12/15 v1.5 Expandable calculations on big integers (HO
)
))
\Fld@menulength=\count385
\Field@Width=\dimen321
\Fld@charsize=\dimen322
Package hyperref Info: Hyper figures OFF on input line 6042.
Package hyperref Info: Link nesting OFF on input line 6047.
Package hyperref Info: Hyper index ON on input line 6050.
Package hyperref Info: backreferencing OFF on input line 6057.
Package hyperref Info: Link coloring OFF on input line 6062.
Package hyperref Info: Link coloring with OCG OFF on input line 6067.
Package hyperref Info: PDF/A mode OFF on input line 6072.

(/opt/local/share/texmf-texlive/tex/latex/base/atbegshi-ltx.sty
Package: atbegshi-ltx 2021/01/10 v1.0c Emulation of the original atbegshi
package with kernel methods
)
\Hy@abspage=\count386
\c@Item=\count387
\c@Hfootnote=\count388
)
Package hyperref Info: Driver (autodetected): hpdftex.

(/opt/local/share/texmf-texlive/tex/latex/hyperref/hpdftex.def
File: hpdftex.def 2023-02-07 v7.00v Hyperref driver for pdfTeX

(/opt/local/share/texmf-texlive/tex/latex/base/atveryend-ltx.sty
Package: atveryend-ltx 2020/08/19 v1.0a Emulation of the original atveryend pac
kage
with kernel methods
)
\Fld@listcount=\count389
\c@bookmark@seq@number=\count390

(/opt/local/share/texmf-texlive/tex/latex/rerunfilecheck/rerunfilecheck.sty
Package: rerunfilecheck 2022-07-10 v1.10 Rerun checks for auxiliary files (HO)

(/opt/local/share/texmf-texlive/tex/generic/uniquecounter/uniquecounter.sty
Package: uniquecounter 2019/12/15 v1.4 Provide unlimited unique counter (HO)
)
Package uniquecounter Info: New unique counter `rerunfilecheck' on input line 2
85.
)
\Hy@SectionHShift=\skip269
)
(/opt/local/share/texmf-texlive/tex/latex/memoir/memhfixc.sty
Package: memhfixc 2022/11/17 v1.20 nameref/hyperref package fixes for memoir cl
ass

Redoing nameref's sectioning
Redoing nameref's label
LaTeX Info: Redefining \nameref on input line 106.
\c@memhycontfloat=\count391
\c@Hpagenote=\count392
)
Package hyperref Info: Option `colorlinks' set `true' on input line 39.
\ifc@bitfield@endx=\skip270
\c@ifc@bit=\count393
\c@ifc@prevBit=\count394
\bitWidth=\skip271
\c@ifc@bytes=\count395
\c@ifc@rem=\count396
 (/opt/local/share/texmf-texlive/tex/latex/listings/lstlang1.sty
File: lstlang1.sty 2023/02/27 1.9 listings language file
)
(/opt/local/share/texmf-texlive/tex/latex/listings/lstlang1.sty
File: lstlang1.sty 2023/02/27 1.9 listings language file
)
(/opt/local/share/texmf-texlive/tex/latex/listings/lstmisc.sty
File: lstmisc.sty 2023/02/27 1.9 (Carsten Heinz)
))
(/opt/local/share/texmf-texlive/tex/generic/pgf/frontendlayer/tikz/libraries/ti
kzlibrarymatrix.code.tex
File: tikzlibrarymatrix.code.tex 2023-01-15 v3.1.10 (3.1.10)
)
LaTeX Font Info:    Trying to load font information for T1+ptm on input line 50
.

(/opt/local/share/texmf-texlive/tex/latex/psnfss/t1ptm.fd
File: t1ptm.fd 2001/06/04 font definitions for T1/ptm.
)
(/opt/local/share/texmf-texlive/tex/latex/l3backend/l3backend-pdftex.def
File: l3backend-pdftex.def 2023-01-16 L3 backend support: PDF output (pdfTeX)
\l__color_backend_stack_int=\count397
\l__pdf_internal_box=\box122
)
(./ifc.aux)
\openout1 = `ifc.aux'.

LaTeX Font Info:    Checking defaults for OML/cmm/m/it on input line 50.
LaTeX Font Info:    ... okay on input line 50.
LaTeX Font Info:    Checking defaults for OMS/cmsy/m/n on input line 50.
LaTeX Font Info:    ... okay on input line 50.
LaTeX Font Info:    Checking defaults for OT1/cmr/m/n on input line 50.
LaTeX Font Info:    ... okay on input line 50.
LaTeX Font Info:    Checking defaults for T1/cmr/m/n on input line 50.
LaTeX Font Info:    ... okay on input line 50.
LaTeX Font Info:    Checking defaults for TS1/cmr/m/n on input line 50.
LaTeX Font Info:    ... okay on input line 50.
LaTeX Font Info:    Checking defaults for OMX/cmex/m/n on input line 50.
LaTeX Font Info:    ... okay on input line 50.
LaTeX Font Info:    Checking defaults for U/cmr/m/n on input line 50.
LaTeX Font Info:    ... okay on input line 50.
LaTeX Font Info:    Checking defaults for PD1/pdf/m/n on input line 50.
LaTeX Font Info:    ... okay on input line 50.
LaTeX Font Info:    Checking defaults for PU/pdf/m/n on input line 50.
LaTeX Font Info:    ... okay on input line 50.
LaTeX Font Info:    Redeclaring symbol font `operators' on input line 50.
LaTeX Font Info:    Encoding `OT1' has changed to `T1' for symbol font
(Font)              `operators' in the math version `normal' on input line 50.
LaTeX Font Info:    Overwriting symbol font `operators' in version `normal'
(Font)                  OT1/cmr/m/n --> T1/ptm/m/up on input line 50.
LaTeX Font Info:    Encoding `OT1' has changed to `T1' for symbol font
(Font)              `operators' in the math version `bold' on input line 50.
LaTeX Font Info:    Overwriting symbol font `operators' in version `bold'
(Font)                  OT1/cmr/bx/n --> T1/ptm/m/up on input line 50.
LaTeX Font Info:    Overwriting symbol font `operators' in version `bold'
(Font)                  T1/ptm/m/up --> T1/ptm/b/up on input line 50.
LaTeX Font Info:    Redeclaring math alphabet \mathbf on input line 50.
LaTeX Font Info:    Overwriting math alphabet `\mathbf' in version `normal'
(Font)                  OT1/cmr/bx/n --> T1/ptm/b/up on input line 50.
LaTeX Font Info:    Overwriting math alphabet `\mathbf' in version `bold'
(Font)                  OT1/cmr/bx/n --> T1/ptm/b/up on input line 50.
LaTeX Font Info:    Redeclaring math alphabet \mathsf on input line 50.
LaTeX Font Info:    Overwriting math alphabet `\mathsf' in version `normal'
(Font)                  OT1/cmss/m/n --> T1/phv/m/up on input line 50.
LaTeX Font Info:    Overwriting math alphabet `\mathsf' in version `bold'
(Font)                  OT1/cmss/bx/n --> T1/phv/m/up on input line 50.
LaTeX Font Info:    Redeclaring math alphabet \mathit on input line 50.
LaTeX Font Info:    Overwriting math alphabet `\mathit' in version `normal'
(Font)                  OT1/cmr/m/it --> T1/ptm/m/it on input line 50.
LaTeX Font Info:    Overwriting math alphabet `\mathit' in version `bold'
(Font)                  OT1/cmr/bx/it --> T1/ptm/m/it on input line 50.
LaTeX Font Info:    Redeclaring math alphabet \mathtt on input line 50.
LaTeX Font Info:    Overwriting math alphabet `\mathtt' in version `normal'
(Font)                  OT1/cmtt/m/n --> T1/txtt/m/up on input line 50.
LaTeX Font Info:    Overwriting math alphabet `\mathtt' in version `bold'
(Font)                  OT1/cmtt/m/n --> T1/txtt/m/up on input line 50.
LaTeX Font Info:    Overwriting math alphabet `\mathsf' in version `bold'
(Font)                  T1/phv/m/up --> T1/phv/b/up on input line 50.
LaTeX Font Info:    Overwriting math alphabet `\mathit' in version `bold'
(Font)                  T1/ptm/m/it --> T1/ptm/b/it on input line 50.
 (/opt/local/share/texmf-texlive/tex/context/base/mkii/supp-pdf.mkii
[Loading MPS to PDF converter (version 2006.09.02).]
\scratchcounter=\count398
\scratchdimen=\dimen323
\scratchbox=\box123
\nofMPsegments=\count399
\nofMParguments=\count400
\everyMPshowfont=\toks47
\MPscratchCnt=\count401
\MPscratchDim=\dimen324
\MPnumerator=\count402
\makeMPintoPDFobject=\count403
\everyMPtoPDFconversion=\toks48
) (/opt/local/share/texmf-texlive/tex/latex/epstopdf-pkg/epstopdf-base.sty
Package: epstopdf-base 2020-01-24 v2.11 Base part for package epstopdf
Package epstopdf-base Info: Redefining graphics rule for `.eps' on input line 4
85.

(/opt/local/share/texmf-texlive/tex/latex/latexconfig/epstopdf-sys.cfg
File: epstopdf-sys.cfg 2010/07/13 v1.3 Configuration of (r)epstopdf for TeX Liv
e
))
\c@lstlisting=\count404
Package hyperref Info: Link coloring ON on input line 50.

(./ifc.out) (./ifc.out)
\@outlinefile=\write6
\openout6 = `ifc.out'.



LaTeX Font Warning: Font shape `T1/ptm/m/up' undefined
(Font)              using `T1/ptm/m/n' instead on input line 53.

LaTeX Font Info:    Trying to load font information for U+eur on input line 53.

(/opt/local/share/texmf-texlive/tex/latex/amsfonts/ueur.fd
File: ueur.fd 2013/01/14 v3.01 Euler Roman
)
LaTeX Font Info:    Trying to load font information for U+msa on input line 53.


(/opt/local/share/texmf-texlive/tex/latex/amsfonts/umsa.fd
File: umsa.fd 2013/01/14 v3.01 AMS symbols A
)
LaTeX Font Info:    Trying to load font information for U+msb on input line 53.


(/opt/local/share/texmf-texlive/tex/latex/amsfonts/umsb.fd
File: umsb.fd 2013/01/14 v3.01 AMS symbols B
)
LaTeX Font Info:    Trying to load font information for U+euf on input line 53.


(/opt/local/share/texmf-texlive/tex/latex/amsfonts/ueuf.fd
File: ueuf.fd 2013/01/14 v3.01 Euler Fraktur
)
LaTeX Font Info:    Trying to load font information for U+eus on input line 53.


(/opt/local/share/texmf-texlive/tex/latex/amsfonts/ueus.fd
File: ueus.fd 2013/01/14 v3.01 Euler Script
)
LaTeX Font Info:    Trying to load font information for U+euex on input line 53
.

(/opt/local/share/texmf-texlive/tex/latex/amsfonts/ueuex.fd
File: ueuex.fd 2013/01/14 v3.01 Euler extra symbols
) [1

{/opt/local/var/db/texmf/fonts/map/pdftex/updmap/pdftex.map}{/opt/local/share/t
exmf-texlive/fonts/enc/dvips/base/8r.enc}] [2

]
LaTeX Font Info:    Trying to load font information for TS1+ptm on input line 6
5.

(/opt/local/share/texmf-texlive/tex/latex/psnfss/ts1ptm.fd
File: ts1ptm.fd 2001/06/04 font definitions for TS1/ptm.
) [1] [2


] (./ifc.toc
pdfTeX warning (ext4): destination with the same identifier (name{page.1}) has 
been already used, duplicate ignored
<to be read again> 
                   \relax 
l.1063 ...ernumberline {20}Words}{217}{chapter.20}
                                                  % [1])
pdfTeX warning (ext4): destination with the same identifier (name{page.2}) has 
been already used, duplicate ignored
<to be read again> 
                   \relax 
l.74 \chapter
             {Introduction} [2] (./intro.tex) [3

] [4

] (./file.tex [5]
LaTeX Font Info:    Trying to load font information for T1+txtt on input line 7
9.

(/opt/local/share/texmf-texlive/tex/latex/txfonts/t1txtt.fd
File: t1txtt.fd 2000/12/15 v3.1
)
\c@bits@ByteOffset=\count405
\c@bytes@ByteOffset=\count406
 [6]
\c@bits@Cardinality=\count407
\c@bytes@Cardinality=\count408
\c@bits@EntitySize=\count409
\c@bytes@EntitySize=\count410
\c@bits@Index=\count411
\c@bytes@Index=\count412
 [7]
\c@bits@Version=\count413
\c@bytes@Version=\count414
\c@bits@Abi=\count415
\c@bytes@Abi=\count416
Package hyperref Info: bookmark level for unknown lstlisting defaults to 0 on i
nput line 179.
LaTeX Font Info:    Font shape `T1/txtt/m/it' in size <10> not available
(Font)              Font shape `T1/txtt/m/sl' tried instead on input line 181.
 [8]
\c@bits@LanguageVersion=\count417
\c@bytes@LanguageVersion=\count418

Underfull \vbox (badness 10000) has occurred while \output is active []

 [9]
[10]
Overfull \hbox (18.80673pt too wide) in paragraph at lines 274--277
[]\T1/ptm/m/up/10 Every dec-la-ra-tion is rooted in the global names-pace. The 
field \T1/ptm/m/it/10 global_scope
 []

[11]) [12] (./strings.tex
\c@bits@TextOffset=\count419
\c@bytes@TextOffset=\count420
) [13

] [14

] (./tu.tex
LaTeX Font Info:    Trying to load font information for T1+phv on input line 14
.

(/opt/local/share/texmf-texlive/tex/latex/psnfss/t1phv.fd
File: t1phv.fd 2020/03/25 scalable font definitions for T1/phv.
) [15]) [16]
(./modules.tex [17

]) [18] (./scopes.tex
\c@bits@ScopeIndex=\count421
\c@bytes@ScopeIndex=\count422
 [19

]) [20] (./heaps.tex [21

]) [22]
(./decls.tex [23

]
Overfull \hbox (84.24803pt too wide) in paragraph at lines 80--81
[][][][][][][][][][][][][][][][][][][][][][][][][][][][][][][][][][][][] 
 []


Overfull \hbox (36.99817pt too wide) in paragraph at lines 83--84
[][][][][][][][][][][][][][][][][][][][][][][][][][][][][][][] 
 []


Overfull \hbox (11.49887pt too wide) in paragraph at lines 85--86
[][][][][][][][][][][][][][][][][][][][][][][][][][][] 
 []

[24]
Overfull \hbox (27.99823pt too wide) in paragraph at lines 105--106
[][][][][][][][][][][][][][][][][][][][][][][][][][][][] 
 []


Overfull \hbox (101.49802pt too wide) in paragraph at lines 107--108
[][][][][][][][][][][][][][][][][][][][][][][][][][][][][][][] 
 []


Overfull \hbox (6.99829pt too wide) in paragraph at lines 108--109
[][][][][][][][][][][][][][][][][][][][][][][][][][] 
 []

[25]
\c@bits@ParameterLevel=\count423
\c@bytes@ParameterLevel=\count424
\c@bits@ParameterPosition=\count425
\c@bytes@ParameterPosition=\count426
 [26] [27] [28]
Underfull \vbox (badness 1968) has occurred while \output is active []

 [29]
Underfull \vbox (badness 10000) has occurred while \output is active []

 [30]
Overfull \hbox (5.40685pt too wide) in paragraph at lines 393--401
\T1/ptm/m/up/10 ca-tion. The \T1/ptm/m/it/10 type \T1/ptm/m/up/10 field de-note
s the C++ source-level type of the bit-field. The \T1/ptm/m/it/10 home_scope
 []


Underfull \vbox (badness 10000) has occurred while \output is active []

 [31]
[32]
Overfull \hbox (1.95763pt too wide) in paragraph at lines 484--485
[][][][][][]\T1/ptm/m/up/10 : valid only if the scope en-tity has vendor-define
d traits. 
 []

\c@bits@PackSize=\count427
\c@bytes@PackSize=\count428
[33]
Underfull \vbox (badness 3826) has occurred while \output is active []

 [34]
[35] [36] [37] [38]
Underfull \vbox (badness 2617) has occurred while \output is active []

 [39]
[40] [41]
Overfull \hbox (69.39804pt too wide) in paragraph at lines 897--898
[][][][][][]\T1/ptm/m/up/10 : the func-tion is de-clared [][][][][] or [][][][]
[][] 
 []

[42] [43]
Overfull \hbox (7.61685pt too wide) in paragraph at lines 995--999
[]\T1/ptm/m/up/10 The \T1/ptm/m/it/10 words \T1/ptm/m/up/10 field de-notes the 
sen-tence mak-ing up the syn-tax of the noexcept-specification.
 []


Overfull \hbox (11.92647pt too wide) in paragraph at lines 995--999
\T1/ptm/m/up/10 This field is mean-ing-ful only for tem-plated func-tions for w
hich the noexcept-specification
 []


Overfull \hbox (3.84721pt too wide) in paragraph at lines 1014--1015
[]\T1/phv/m/n/10 NoexceptSort::Expression\T1/ptm/m/up/10 : The syn-tax [][][][]
[][] was ex-plic-itly used,
 []

[44] [45] [46] [47] [48]
Overfull \hbox (4.40538pt too wide) in paragraph at lines 1261--1277
\T1/ptm/m/sl/10 declaration\T1/ptm/m/up/10 , \T1/ptm/m/sl/10 static_assert-decl
aration\T1/ptm/m/up/10 , \T1/ptm/m/sl/10 attribute-declaration\T1/ptm/m/up/10 ,
 \T1/ptm/m/sl/10 empty-declaration\T1/ptm/m/up/10 , etc. The
 []

[49] [50] [51]) [52] (./directives.tex
Overfull \hbox (3.00488pt too wide) in paragraph at lines 3--6
\T1/ptm/m/up/10 Certain ISO C++ gram-mat-i-cal con-structs, such as \T1/ptm/m/s
l/10 asm-declaration\T1/ptm/m/up/10 s or \T1/ptm/m/sl/10 using-directive\T1/ptm
/m/up/10 s,
 []


LaTeX Warning: Hyper reference `sec:ifc:DirSort:Unused0' on page 53 undefined o
n input line 26.


LaTeX Warning: Hyper reference `sec:ifc:DirSort:Unused1' on page 53 undefined o
n input line 27.


LaTeX Warning: Hyper reference `sec:ifc:DirSort:Unused2' on page 53 undefined o
n input line 28.


LaTeX Warning: Hyper reference `sec:ifc:DirSort:Unused3' on page 53 undefined o
n input line 29.


LaTeX Warning: Hyper reference `sec:ifc:DirSort:Unused4' on page 53 undefined o
n input line 30.


LaTeX Warning: Hyper reference `sec:ifc:DirSort:Unused5' on page 53 undefined o
n input line 31.


LaTeX Warning: Hyper reference `sec:ifc:DirSort:Unused6' on page 53 undefined o
n input line 32.


LaTeX Warning: Hyper reference `sec:ifc:DirSort:Unused7' on page 53 undefined o
n input line 34.


LaTeX Warning: Hyper reference `sec:ifc:DirSort:Unused8' on page 53 undefined o
n input line 35.


LaTeX Warning: Hyper reference `sec:ifc:DirSort:Unused9' on page 53 undefined o
n input line 36.


LaTeX Warning: Hyper reference `sec:ifc:DirSort:Unused10' on page 53 undefined 
on input line 37.


LaTeX Warning: Hyper reference `sec:ifc:DirSort:Unused11' on page 53 undefined 
on input line 38.


LaTeX Warning: Hyper reference `sec:ifc:DirSort:Unused12' on page 53 undefined 
on input line 39.


LaTeX Warning: Hyper reference `sec:ifc:DirSort:Unused13' on page 53 undefined 
on input line 40.


LaTeX Warning: Hyper reference `sec:ifc:DirSort:Unused14' on page 53 undefined 
on input line 41.


LaTeX Warning: Hyper reference `sec:ifc:DirSort:Unused15' on page 53 undefined 
on input line 42.


LaTeX Warning: Hyper reference `sec:ifc:DirSort:Unused16' on page 53 undefined 
on input line 43.


LaTeX Warning: Hyper reference `sec:ifc:DirSort:Unused17' on page 53 undefined 
on input line 44.


LaTeX Warning: Hyper reference `sec:ifc:DirSort:Unused18' on page 53 undefined 
on input line 45.


LaTeX Warning: Hyper reference `sec:ifc:DirSort:Unused19' on page 53 undefined 
on input line 46.


LaTeX Warning: Hyper reference `sec:ifc:DirSort:Unused20' on page 53 undefined 
on input line 47.


LaTeX Warning: Hyper reference `sec:ifc:DirSort:Unused21' on page 53 undefined 
on input line 48.

[53

] [54] [55] [56]
Overfull \hbox (15.73709pt too wide) in paragraph at lines 226--227
\T1/ptm/m/up/10 Note that \T1/ptm/m/it/10 path \T1/ptm/m/up/10 can be a nor-mal
 [][]Ex-prSort::QualifiedName[][] or an [][]Ex-prSort::Expansion[][]
 []

[57] [58]) [59] [60

] (./types.tex [61] [62] [63] [64] [65] [66] [67] [68]
[69] [70] [71] [72] [73]
Overfull \hbox (15.55693pt too wide) in paragraph at lines 701--702
[]\T1/ptm/m/up/10 The \T1/ptm/m/it/10 expr \T1/ptm/m/up/10 field de-notes the s
yn-tac-tic rep-re-sen-ta-tion of the ex-pres-sion operand to [][][]. 
 []

[74] [75]) [76] (./exprs.tex [77

] [78] [79] [80]
Overfull \hbox (7.17567pt too wide) in paragraph at lines 280--294
\T1/ptm/m/up/10 A \T1/ptm/m/sl/10 Ex-prIndex \T1/ptm/m/up/10 value with tag \T1
/phv/m/n/10 Ex-prSort::TemplateId \T1/ptm/m/up/10 rep-re-sents a ref-er-ence to
 a template-
 []

[81] [82] [83]
Overfull \hbox (34.21643pt too wide) in paragraph at lines 406--409
[]\T1/ptm/m/up/10 The \T1/ptm/m/it/10 el-e-ments \T1/ptm/m/up/10 field des-ig-n
ates the se-quence of un-qual-i-fied names (e.g. [][]Ex-prSort::UnqualifiedId[]
[],
 []

[84]
Overfull \hbox (3.94661pt too wide) in paragraph at lines 488--489
[]\T1/phv/m/n/10 ReadConversionSort::LvalueToRvalue\T1/ptm/m/up/10 : This ex-pr
es-sion rep-re-sents an lvalue-
 []

[85] [86] [87] [88]
Overfull \hbox (3.62587pt too wide) in paragraph at lines 650--653
\T1/ptm/m/up/10 A \T1/ptm/m/sl/10 StringIn-dex \T1/ptm/m/up/10 with tag \T1/phv
/m/n/10 String-Sort::UTF8 \T1/ptm/m/up/10 rep-re-sents a UTF-8 nar-row NUL-term
inated
 []

[89]
\c@bits@UniqueID=\count429
\c@bytes@UniqueID=\count430
 [90] [91] [92]
Underfull \vbox (badness 1527) has occurred while \output is active []

 [93]
[94] [95] [96] [97]
\c@bits@DestructorSort=\count431
\c@bytes@DestructorSort=\count432
 [98]
\c@bits@InitializerSort=\count433
\c@bytes@InitializerSort=\count434
 [99]
Overfull \hbox (1.89607pt too wide) in paragraph at lines 1203--1204
[]\T1/phv/b/n/10 InitializerSort::Copy[] \T1/ptm/m/up/10 An ini-tial-izer of th
is sort rep-re-sents an elab-o-ra-tion of a copy-
 []

\c@bits@Associativity=\count435
\c@bytes@Associativity=\count436
[100] [101]
\c@bits@ActiveMember=\count437
\c@bytes@ActiveMember=\count438
 [102] [103] [104] [105] [106]
Underfull \vbox (badness 1210) has occurred while \output is active []

 [107]
[108] [109] [110]
Overfull \hbox (16.54846pt too wide) in paragraph at lines 1894--1895
[][][]\T1/phv/m/n/9 MsvcHasUniqueObjectRepresentations[][] 
 []

[111]

LaTeX Warning: Hyper reference `sec:ifc:MonadicOperator:MsvcConfusedPopState' o
n page 112 undefined on input line 1913.


LaTeX Warning: Hyper reference `sec:ifc:MonadicOperator:MsvcConfusedDtorAction'
 on page 112 undefined on input line 1914.


LaTeX Warning: Hyper reference `sec:ifc:MonadicOperator:MsvcConfusedVtorDisplac
ement' on page 112 undefined on input line 1915.


Overfull \hbox (7.5576pt too wide) in paragraph at lines 1916--1917
[][][]\T1/phv/m/n/9 MsvcConfusedDependentExpression[][] 
 []

[112] [113] [114]
Overfull \hbox (1.3474pt too wide) in paragraph at lines 2006--2007
\T1/ptm/m/up/10 Source-level ``[][][]'' op-er-a-tor ([][]SourceKey-word::MsvcIs
Polymorphic[][]). 
 []


Overfull \hbox (148.78624pt too wide) in paragraph at lines 2012--2013
\T1/ptm/m/up/10 Source-level ``[][][]'' op-er-a-tor ([][]SourceKey-word::MsvcIs
TriviallyCopyConstructible[][]). 
 []


Overfull \hbox (139.33644pt too wide) in paragraph at lines 2015--2016
\T1/ptm/m/up/10 Source-level ``[][][]'' op-er-a-tor ([][]SourceKey-word::MsvcIs
TriviallyCopyAssignable[][]). 
 []

[115]
Overfull \hbox (90.70639pt too wide) in paragraph at lines 2018--2019
\T1/ptm/m/up/10 Source-level ``[][][]'' op-er-a-tor ([][]SourceKey-word::MsvcIs
TriviallyDestructible[][]). 
 []


Overfull \hbox (69.94672pt too wide) in paragraph at lines 2021--2022
\T1/ptm/m/up/10 Source-level ``[][][]'' op-er-a-tor ([][]SourceKey-word::MsvcHa
sVirtualDestructor[][]). 
 []


Overfull \hbox (139.1866pt too wide) in paragraph at lines 2024--2025
\T1/ptm/m/up/10 Source-level ``[][][]'' op-er-a-tor ([][]SourceKey-word::MsvcIs
NothrowCopyConstructible[][]). 
 []


Overfull \hbox (113.98685pt too wide) in paragraph at lines 2027--2028
\T1/ptm/m/up/10 Source-level ``[][][]'' op-er-a-tor ([][]SourceKey-word::MsvcIs
NothrowCopyAssignable[][]). 
 []


Overfull \hbox (59.05695pt too wide) in paragraph at lines 2039--2040
\T1/ptm/m/up/10 Source-level ``[][][]'' op-er-a-tor ([][]SourceKey-word::MsvcIs
TriviallyCopyable[][]). 
 []


Overfull \hbox (34.55731pt too wide) in paragraph at lines 2042--2043
\T1/ptm/m/up/10 Source-level ``[][][]'' op-er-a-tor ([][]SourceKey-word::MsvcIs
StandardLayout[][]). 
 []


Overfull \hbox (1.33736pt too wide) in paragraph at lines 2045--2046
\T1/ptm/m/up/10 Source-level ``[][][]'' op-er-a-tor ([][]SourceKey-word::MsvcIs
LiteralType[][]). 
 []


Overfull \hbox (150.24634pt too wide) in paragraph at lines 2048--2049
\T1/ptm/m/up/10 Source-level ``[][][]'' op-er-a-tor ([][]SourceKey-word::MsvcIs
TriviallyMoveConstructible[][]). 
 []


Overfull \hbox (82.68695pt too wide) in paragraph at lines 2051--2052
\T1/ptm/m/up/10 Source-level ``[][][]'' op-er-a-tor ([][]SourceKey-word::MsvcHa
sTrivialMoveAssign[][]). 
 []

[116]
Overfull \hbox (125.04659pt too wide) in paragraph at lines 2054--2055
\T1/ptm/m/up/10 Source-level ``[][][]'' op-er-a-tor ([][]SourceKey-word::MsvcIs
TriviallyMoveAssignable[][]). 
 []


Overfull \hbox (115.44695pt too wide) in paragraph at lines 2057--2058
\T1/ptm/m/up/10 Source-level ``[][][]'' op-er-a-tor ([][]SourceKey-word::MsvcIs
NothrowMoveAssignable[][]). 
 []


Overfull \hbox (13.00766pt too wide) in paragraph at lines 2060--2061
\T1/ptm/m/up/10 Source-level ``[][][]'' op-er-a-tor ([][]SourceKey-word::MsvcUn
derlyingType[][]). 
 []


Overfull \hbox (3.80708pt too wide) in paragraph at lines 2063--2064
\T1/ptm/m/up/10 Source-level ``[][][]'' op-er-a-tor ([][]SourceKey-word::MsvcIs
Destructible[][]). 
 []


Overfull \hbox (81.10675pt too wide) in paragraph at lines 2066--2067
\T1/ptm/m/up/10 Source-level ``[][][]'' op-er-a-tor ([][]SourceKey-word::MsvcIs
NothrowDestructible[][]). 
 []


Overfull \hbox (177.7361pt too wide) in paragraph at lines 2069--2070
\T1/ptm/m/up/10 Source-level ``[][][]'' op-er-a-tor ([][]SourceKey-word::MsvcHa
sUniqueObjectRepresentations[][]). 
 []


Overfull \hbox (29.31706pt too wide) in paragraph at lines 2075--2076
\T1/ptm/m/up/10 Source-level ``[][][]'' op-er-a-tor ([][]SourceKey-word::MsvcBu
iltinAddressOf[][]). 
 []


Overfull \hbox (59.20662pt too wide) in paragraph at lines 2084--2085
\T1/ptm/m/up/10 Source-level ``[][][]'' op-er-a-tor ([][]SourceKey-word::MsvcIs
SimpleValueClass[][]). 
 []


Overfull \hbox (27.7769pt too wide) in paragraph at lines 2087--2088
\T1/ptm/m/up/10 Source-level ``[][][]'' op-er-a-tor ([][]SourceKey-word::MsvcIs
InterfaceClass[][]). 
 []

[117]
Overfull \hbox (45.34697pt too wide) in paragraph at lines 2108--2109
\T1/ptm/m/up/10 Source-level ``[][][]'' op-er-a-tor ([][]SourceKey-word::MsvcHa
sUserDestructor[][]). 
 []

[118] [119]
Overfull \hbox (31.37984pt too wide) in paragraph at lines 2228--2229
[][][]\T1/phv/m/n/9 MsvcBuiltinIsPointerInterconvertibleBaseOf[][] 
 []


Overfull \hbox (41.86485pt too wide) in paragraph at lines 2229--2230
[][][]\T1/phv/m/n/9 MsvcBuiltinIsPointerInterconvertibleWithClass[][] 
 []


Overfull \hbox (4.02959pt too wide) in paragraph at lines 2230--2231
[][][]\T1/phv/m/n/9 MsvcBuiltinIsCorrespondingMember[][] 
 []


LaTeX Warning: Hyper reference `sec:ifc:DyadicOperator:MsvcSaturatedArithmetic'
 on page 120 undefined on input line 2232.

[120] [121] [122] [123] [124] [125]
Overfull \hbox (24.43558pt too wide) in paragraph at lines 2469--2471
\T1/ptm/m/up/10 Abstract ma-chine op-er-a-tion with sim-i-lar se-man-tics as th
at of \T1/phv/m/n/10 Dyadi-c-Op-er-a-tor::MsvcCurry\T1/ptm/m/up/10 ,
 []

[126]
Overfull \hbox (1.1669pt too wide) in paragraph at lines 2473--2474
\T1/ptm/m/up/10 Abstract ma-chine op-er-a-tion of align-ing a pointer to an ad-
e-quate stor-age ad-dress bound-
 []


Overfull \hbox (14.6071pt too wide) in paragraph at lines 2495--2496
\T1/ptm/m/up/10 Source level ``[][][]'' op-er-a-tor ([][]SourceKey-word::MsvcBu
iltinOffsetOf[][]). 
 []


Overfull \hbox (20.97757pt too wide) in paragraph at lines 2501--2502
\T1/ptm/m/up/10 Source level ``[][][]'' op-er-a-tor ([][]SourceKey-word::MsvcIs
ConvertibleTo[][]). 
 []


Overfull \hbox (74.3367pt too wide) in paragraph at lines 2504--2505
\T1/ptm/m/up/10 Source level ``[][][]'' op-er-a-tor ([][]SourceKey-word::MsvcIs
TriviallyAssignable[][]). 
 []


Overfull \hbox (64.73706pt too wide) in paragraph at lines 2507--2508
\T1/ptm/m/up/10 Source level ``[][][]'' op-er-a-tor ([][]SourceKey-word::MsvcIs
NothrowAssignable[][]). 
 []

[127]
Overfull \hbox (0.54834pt too wide) in paragraph at lines 2513--2514
\T1/ptm/m/up/10 Source level ``[][][]'' op-er-a-tor ([][]SourceKey-
 []


Overfull \hbox (9.32692pt too wide) in paragraph at lines 2516--2517
\T1/ptm/m/up/10 Source level ``[][][]'' op-er-a-tor ([][]SourceKey-word::MsvcBu
iltinBitCast[][]). 
 []


Overfull \hbox (124.53642pt too wide) in paragraph at lines 2519--2520
\T1/ptm/m/up/10 Source level ``[][][]'' op-er-a-tor ([][]SourceKey-word::MsvcBu
iltinIsLayoutCompatible[][]). 
 []


Overfull \hbox (42.54822pt too wide) in paragraph at lines 2522--2523
\T1/ptm/m/up/10 Source level ``[][][]'' op-er-a-tor ([][]SourceKey-
 []


Overfull \hbox (158.60637pt too wide) in paragraph at lines 2528--2529
\T1/ptm/m/up/10 Source level ``[][][]'' op-er-a-tor ([][]SourceKey-word::MsvcBu
iltinIsCorrespondingMember[][]). 
 []

[128]

LaTeX Warning: Hyper reference `sec:ifc:TriadicOperator:MsvcConfusedChoice' on 
page 129 undefined on input line 2563.

[129] [130]
Overfull \hbox (20.5952pt too wide) in paragraph at lines 2672--2675
\T1/ptm/m/up/10 C++ ab-stract ma-chine. Like \T1/phv/m/n/10 Vari-adi-c-Op-er-a-
tor::Collection \T1/ptm/m/up/10 ([][]Vari-adi-c-Op-er-a-tor::Collection[][])
 []


Overfull \hbox (79.09673pt too wide) in paragraph at lines 2681--2682
\T1/ptm/m/up/10 Source-level ``[][][]'' op-er-a-tor ([][]SourceKey-word::MsvcHa
sTrivialConstructor[][]). 
 []


Overfull \hbox (8.8171pt too wide) in paragraph at lines 2684--2685
\T1/ptm/m/up/10 Source-level ``[][][]'' op-er-a-tor ([][]SourceKey-word::MsvcIs
Constructible[][]). 
 []


Overfull \hbox (86.11676pt too wide) in paragraph at lines 2687--2688
\T1/ptm/m/up/10 Source-level ``[][][]'' op-er-a-tor ([][]SourceKey-word::MsvcIs
NothrowConstructible[][]). 
 []


Overfull \hbox (100.96638pt too wide) in paragraph at lines 2690--2692
\T1/ptm/m/up/10 Source-level ``[][][]'' op-er-a-tor ([][]SourceKey-word::MsvcIs
TriviallyConstructible[][]). 
 []

) [131] [132

] (./stmts.tex [133]
Overfull \hbox (23.9463pt too wide) in paragraph at lines 73--74
[]\T1/ptm/m/it/10 handlers \T1/ptm/m/up/10 des-ig-nates ei-ther the han-dler or
 the se-quence of han-dlers ([][]Stmt-Sort::Handler[][])
 []

[134]
Overfull \hbox (9.52478pt too wide) in paragraph at lines 115--130
\T1/ptm/m/up/10 A \T1/ptm/m/sl/10 StmtIn-dex \T1/ptm/m/up/10 ab-stract ref-er-e
nce with tag \T1/phv/m/n/10 Stmt-Sort::For \T1/ptm/m/up/10 des-ig-nates an \T1/
ptm/m/sl/10 iteration-statement
 []

[135] [136]
Overfull \hbox (1.80605pt too wide) in paragraph at lines 209--222
\T1/ptm/m/sl/10 statement\T1/ptm/m/up/10 . The \T1/ptm/m/it/10 in-dex \T1/ptm/m
/up/10 field of that ab-stract ref-er-ence is an in-dex into the block-statemen
t
 []


Overfull \hbox (8.17497pt too wide) in paragraph at lines 240--251
\T1/ptm/m/up/10 A \T1/ptm/m/sl/10 StmtIn-dex \T1/ptm/m/up/10 ab-stract ref-er-e
nce with tag \T1/phv/m/n/10 Stmt-Sort::Break \T1/ptm/m/up/10 des-ig-nates an \T
1/ptm/m/sl/10 jump-statement
 []

[137] [138]
Overfull \hbox (3.73488pt too wide) in paragraph at lines 321--333
\T1/ptm/m/up/10 A \T1/ptm/m/sl/10 StmtIn-dex \T1/ptm/m/up/10 ab-stract ref-er-e
nce with tag \T1/phv/m/n/10 Stmt-Sort::Goto \T1/ptm/m/up/10 des-ig-nates an \T1
/ptm/m/sl/10 jump-statement
 []

[139]
Overfull \hbox (12.31483pt too wide) in paragraph at lines 394--408
\T1/ptm/m/up/10 A \T1/ptm/m/sl/10 StmtIn-dex \T1/ptm/m/up/10 ab-stract ref-er-e
nce with tag \T1/phv/m/n/10 Stmt-Sort::Return \T1/ptm/m/up/10 des-ig-nates an \
T1/ptm/m/sl/10 jump-statement
 []


Overfull \hbox (17.08475pt too wide) in paragraph at lines 425--437
\T1/ptm/m/up/10 A \T1/ptm/m/sl/10 StmtIn-dex \T1/ptm/m/up/10 ab-stract ref-er-e
nce with tag \T1/phv/m/n/10 Stmt-Sort::Decl \T1/ptm/m/up/10 des-ig-nates \T1/pt
m/m/sl/10 declaration-statement\T1/ptm/m/up/10 .
 []

[140] [141] [142]) [143] [144

] (./names.tex [145]
Overfull \hbox (6.13628pt too wide) in paragraph at lines 74--85
\T1/ptm/m/up/10 A \T1/ptm/m/sl/10 NameIn-dex \T1/ptm/m/up/10 value with tag \T1
/phv/m/n/10 Name-Sort::Conversion \T1/ptm/m/up/10 rep-re-sents a conversion-fun
ction
 []

[146] [147]) [148] (./charts.tex [149

]) [150] (./attrs.tex

LaTeX Font Warning: Font shape `T1/txtt/m/up' undefined
(Font)              using `T1/txtt/m/n' instead on input line 25.

[151

]
Overfull \hbox (18.20715pt too wide) in paragraph at lines 66--80
\T1/ptm/m/up/10 ba-sic at-tribute fol-lowed by ``[][][]'' and an-other ba-sic a
t-tribute. For ex-am-ple, [][][][][]
 []


Overfull \hbox (20.02737pt too wide) in paragraph at lines 90--93
\T1/ptm/m/up/10 form ``\T1/ptm/m/sl/10 key [][][] value\T1/ptm/m/up/10 ''. For 
ex-am-ple, while an attribute-like syn-tax ``[][][][][][][][][][][]''
 []


Overfull \hbox (44.62833pt too wide) in paragraph at lines 90--93
\T1/ptm/m/up/10 pro-vide key-value pairs, as in ``[][][][][][][][][][][][][][][
][][][][]''. 
 []

[152]
Overfull \hbox (98.877pt too wide) in paragraph at lines 160--166
\T1/ptm/m/up/10 scoped at-tribute, and all men-tion-ing the same scope word. Fo
r ex-am-ple, ``[][][][][][][][][][][][][]''
 []

[153]
Overfull \hbox (11.05629pt too wide) in paragraph at lines 213--216
\T1/ptm/m/up/10 An \T1/ptm/m/sl/10 At-trIndex \T1/ptm/m/up/10 ref-er-ence with 
tag \T1/phv/m/n/10 At-tr-Sort::Tuple \T1/ptm/m/up/10 de-notes a se-quence of co
mma-separated
 []

[154]) [155] [156

] (./parse.tex [157]
Overfull \vbox (6.0pt too high) has occurred while \output is active []


Overfull \vbox (6.0pt too high) has occurred while \output is active []

 [158]
\c@bits@KeywordSort=\count439
\c@bytes@KeywordSort=\count440

[159] [160] [161] [162] [163] [164]
Overfull \hbox (3.38626pt too wide) in paragraph at lines 549--552
[]\T1/ptm/m/up/10 The \T1/ptm/m/it/10 type_specifier \T1/ptm/m/up/10 field de-n
otes the \T1/ptm/m/sl/10 type-specifier-seq \T1/ptm/m/up/10 ([][]Syn-tax-Sort::
TypeSpecifierSeq[][]).
 []

[165] [166]
Overfull \hbox (2.9861pt too wide) in paragraph at lines 660--672
\T1/ptm/m/up/10 A \T1/ptm/m/sl/10 Syn-taxIn-dex \T1/ptm/m/up/10 value with tag 
\T1/phv/m/n/10 Syn-tax-Sort::ArrayDeclarator \T1/ptm/m/up/10 de-notes an ar-ray
 declara-
 []

[167]
Overfull \hbox (6.69666pt too wide) in paragraph at lines 707--708
[]\T1/ptm/m/it/10 left_paren \T1/ptm/m/up/10 de-notes the lo-ca-tion of the ope
n-ing paren-the-sis of this func-tion declara-
 []


Overfull \hbox (13.08649pt too wide) in paragraph at lines 709--710
[]\T1/ptm/m/it/10 ellipsis\T1/ptm/m/up/10 , if non null, de-notes the source lo
-ca-tion of [][][] in the \T1/ptm/m/sl/10 parameter-declaration-
 []

[168] [169]
Underfull \vbox (badness 1502) has occurred while \output is active []

 [170]
Underfull \vbox (badness 1496) has occurred while \output is active []

 [171]
Underfull \vbox (badness 10000) has occurred while \output is active []

 [172]
[173]
Underfull \vbox (badness 10000) has occurred while \output is active []

 [174]
[175] [176] [177] [178] [179] [180]
Underfull \vbox (badness 1515) has occurred while \output is active []

 [181]
Overfull \hbox (6.53676pt too wide) in paragraph at lines 1485--1486
[]\T1/ptm/m/it/10 name \T1/ptm/m/up/10 de-notes the name in-tro-duced by this d
ec-la-ra-tion of type \T1/ptm/m/sl/10 template-parameter\T1/ptm/m/up/10 . 
 []

[182] [183] [184] [185]
Overfull \hbox (16.02487pt too wide) in paragraph at lines 1693--1695
[]\T1/ptm/m/it/10 initializers \T1/ptm/m/up/10 des-ig-nates the se-quence of \T
1/ptm/m/sl/10 mem-initializer \T1/ptm/m/up/10 ([][]Syn-tax-Sort::MemInitializer
[][])
 []


Overfull \hbox (32.86589pt too wide) in paragraph at lines 1720--1723
[]\T1/ptm/m/it/10 captures\T1/ptm/m/up/10 , if non-null, des-ig-nates ei-ther t
he \T1/ptm/m/sl/10 capture-default \T1/ptm/m/up/10 ([][]Syn-tax-Sort::CaptureDe
fault[][])
 []

[186] [187]
Underfull \vbox (badness 3792) has occurred while \output is active []

 [188]
[189]
Underfull \vbox (badness 1975) has occurred while \output is active []

 [190]
Underfull \vbox (badness 10000) has occurred while \output is active []

 [191]
[192] [193] [194] [195]
Overfull \hbox (4.9469pt too wide) in paragraph at lines 2204--2206
[]\T1/ptm/m/it/10 direction \T1/ptm/m/up/10 in-di-cates whether the fold-ing is
 left-leaning or right-leaning (see $\U/eus/m/n/10 x$[][]\T1/ptm/m/up/10 16.1[]
[]). 
 []


Overfull \hbox (6.60675pt too wide) in paragraph at lines 2206--2207
[]\T1/ptm/m/it/10 operand \T1/ptm/m/up/10 des-ig-nates the parse tree of the ex
-pres-sion writ-ten in this \T1/ptm/m/sl/10 fold-expression\T1/ptm/m/up/10 . 
 []

[196]) [197] [198] (./srcloc.tex
\c@bits@LineIndex=\count441
\c@bytes@LineIndex=\count442
\c@bits@Column=\count443
\c@bytes@Column=\count444


LaTeX Warning: `h' float specifier changed to `ht'.

[199

]
\c@bits@LineNumber=\count445
\c@bytes@LineNumber=\count446
) [200] (./traits.tex [201

] [202] [203] [204]
LaTeX Font Info:    Font shape `T1/txtt/b/n' in size <10.95> not available
(Font)              Font shape `T1/txtt/bx/n' tried instead on input line 218.

Overfull \hbox (13.23572pt too wide) in paragraph at lines 231--233
\T1/ptm/m/up/10 The MSVC com-piler has a weak-ness in its code-gen-er-a-tion re
p-re-sen-ta-tion of [][][]-statement.
 []

[205]) [206] (./forms.tex [207

] [208] [209]
Underfull \vbox (badness 1147) has occurred while \output is active []

 [210]
Overfull \hbox (0.41728pt too wide) in paragraph at lines 263--268
\T1/ptm/m/up/10 nates the se-quence of char-ac-ters mak-ing up that key-word: \
T1/ptm/m/sl/10 import-keyword\T1/ptm/m/up/10 , or \T1/ptm/m/sl/10 module-
 []

[211] [212] [213] [214]
Overfull \hbox (35.73412pt too wide) in paragraph at lines 526--537
[]\T1/ptm/m/up/10 The field \T1/ptm/m/it/10 sort \T1/ptm/m/up/10 is a $\U/eur/m
/n/10 3$\T1/ptm/m/up/10 -bit value of type \T1/ptm/m/sl/10 Wor-Sort$[][]$ \T1/p
tm/m/up/10 ($\U/eus/m/n/10 x$[][]\T1/ptm/m/up/10 20.2[][]), hold-ing ei-ther \T
1/phv/m/n/10 Word-Sort::Punctuator
 []

[215]

LaTeX Warning: Hyper reference `sec:ifc:PragmaSort:VendorExtension' on page 216
 undefined on input line 553.

) [216] (./words.tex
\c@bits@SentenceIndex=\count447
\c@bytes@SentenceIndex=\count448
\c@bits@WordIndex=\count449
\c@bytes@WordIndex=\count450
 [217

] [218]
\c@bits@SourceDirective=\count451
\c@bytes@SourceDirective=\count452

Overfull \hbox (4.0926pt too wide) in paragraph at lines 140--141
[][][]\T1/phv/m/n/9 MsvcPragmaExecutionCharacterSet[][] 
 []

[219] [220] [221] [222]
\c@bits@SourcePunctuator=\count453
\c@bytes@SourcePunctuator=\count454

Overfull \hbox (1.41652pt too wide) in paragraph at lines 294--295
[]\T1/ptm/b/n/10 SourcePunctuator::RightParenthesis[] \T1/ptm/m/up/10 A punc-tu
-a-tor word for C++ source level ``[][][]''. 
 []

[223]
Overfull \hbox (2.04613pt too wide) in paragraph at lines 351--354
[]\T1/ptm/b/n/10 SourcePunctuator::MsvcEndOfPhrase[] \T1/ptm/m/up/10 A punc-tu-
a-tor word of this value ter-mi-nates
 []


Overfull \hbox (3.15625pt too wide) in paragraph at lines 375--377
[]\T1/ptm/b/n/10 SourcePunctuator::MsvcAlignasEdictStart[] \T1/ptm/m/up/10 A pu
nc-tu-a-tor word of this value marks
 []

\c@bits@SourceLiteral=\count455
\c@bytes@SourceLiteral=\count456
[224]
Overfull \hbox (0.21603pt too wide) in paragraph at lines 446--449
[]\T1/phv/b/n/10 SourceLiteral::MsvcFunctionNameMacro[] \T1/ptm/m/up/10 A lit-e
ral word of this value de-notes
 []


Overfull \hbox (2.77794pt too wide) in paragraph at lines 446--449
\T1/ptm/m/up/10 any of the spe-cial function-local macros [][][], [][][], [][][
],
 []


Overfull \hbox (6.61841pt too wide) in paragraph at lines 454--458
\T1/ptm/m/up/10 any of the spe-cial pre-fix macros [][][], [][][], [][][], and 
[][][].
 []

[225]
\c@bits@SourceOperator=\count457
\c@bytes@SourceOperator=\count458
 [226] [227] [228]
\c@bits@SourceKeyword=\count459
\c@bytes@SourceKeyword=\count460
 [229] [230]
Overfull \hbox (16.54846pt too wide) in paragraph at lines 773--774
[][][]\T1/phv/m/n/9 MsvcHasUniqueObjectRepresentations[][] 
 []


Overfull \hbox (31.37984pt too wide) in paragraph at lines 779--780
[][][]\T1/phv/m/n/9 MsvcBuiltinIsPointerInterconvertibleBaseOf[][] 
 []


Overfull \hbox (41.86485pt too wide) in paragraph at lines 780--781
[][][]\T1/phv/m/n/9 MsvcBuiltinIsPointerInterconvertibleWithClass[][] 
 []


Overfull \hbox (4.02959pt too wide) in paragraph at lines 781--782
[][][]\T1/phv/m/n/9 MsvcBuiltinIsCorrespondingMember[][] 
 []

[231] [232] [233]
Overfull \hbox (1.92735pt too wide) in paragraph at lines 863--864
[]\T1/phv/b/n/10 SourceKeyword::ReinterpretCast[] \T1/ptm/m/up/10 A re-served w
ord for ``[][][]''. 
 []

[234] [235]
Overfull \hbox (0.28664pt too wide) in paragraph at lines 897--898
[]\T1/phv/b/n/10 SourceKeyword::MsvcAsm[] \T1/ptm/m/up/10 A re-served word for 
the MSVC ex-ten-sion ``[][][]''. 
 []


Overfull \hbox (33.26645pt too wide) in paragraph at lines 898--899
[]\T1/phv/b/n/10 SourceKeyword::MsvcAssume[] \T1/ptm/m/up/10 A re-served word f
or the MSVC ex-ten-sion ``[][][]''. 
 []


Overfull \hbox (34.05644pt too wide) in paragraph at lines 899--900
[]\T1/phv/b/n/10 SourceKeyword::MsvcAlignof[] \T1/ptm/m/up/10 A re-served word 
for the MSVC ex-ten-sion ``[][][]''. 
 []


Overfull \hbox (19.12657pt too wide) in paragraph at lines 900--901
[]\T1/phv/b/n/10 SourceKeyword::MsvcBased[] \T1/ptm/m/up/10 A re-served word fo
r the MSVC ex-ten-sion ``[][][]''. 
 []


Overfull \hbox (16.14658pt too wide) in paragraph at lines 901--902
[]\T1/phv/b/n/10 SourceKeyword::MsvcCdecl[] \T1/ptm/m/up/10 A re-served word fo
r the MSVC ex-ten-sion ``[][][]''. 
 []


Overfull \hbox (29.98624pt too wide) in paragraph at lines 902--903
[]\T1/phv/b/n/10 SourceKeyword::MsvcClrcall[] \T1/ptm/m/up/10 A re-served word 
for the MSVC ex-ten-sion ``[][][]''. 
 []


Overfull \hbox (48.57634pt too wide) in paragraph at lines 903--904
[]\T1/phv/b/n/10 SourceKeyword::MsvcDeclspec[] \T1/ptm/m/up/10 A re-served word
 for the MSVC ex-ten-sion ``[][][]''. 
 []


Overfull \hbox (4.98656pt too wide) in paragraph at lines 904--905
[]\T1/phv/b/n/10 SourceKeyword::MsvcEabi[] \T1/ptm/m/up/10 A re-served word for
 the MSVC ex-ten-sion ``[][][]''. 
 []


Overfull \hbox (16.34654pt too wide) in paragraph at lines 905--906
[]\T1/phv/b/n/10 SourceKeyword::MsvcEvent[] \T1/ptm/m/up/10 A re-served word fo
r the MSVC ex-ten-sion ``[][][]''. 
 []


Overfull \hbox (41.90628pt too wide) in paragraph at lines 907--908
[]\T1/phv/b/n/10 SourceKeyword::MsvcFastcall[] \T1/ptm/m/up/10 A re-served word
 for the MSVC ex-ten-sion ``[][][]''. 
 []


Overfull \hbox (8.8667pt too wide) in paragraph at lines 910--911
[]\T1/phv/b/n/10 SourceKeyword::MsvcHook[] \T1/ptm/m/up/10 A re-served word for
 the MSVC ex-ten-sion ``[][][]''. 
 []


Overfull \hbox (57.59619pt too wide) in paragraph at lines 911--912
[]\T1/phv/b/n/10 SourceKeyword::MsvcIdentifier[] \T1/ptm/m/up/10 A re-served wo
rd for the MSVC ex-ten-sion ``[][][]''. 
 []


Overfull \hbox (45.68617pt too wide) in paragraph at lines 912--913
[]\T1/phv/b/n/10 SourceKeyword::MsvcIfExists[] \T1/ptm/m/up/10 A re-served word
 for the MSVC ex-ten-sion ``[][][]''. 
 []

[236]
Overfull \hbox (1.64659pt too wide) in paragraph at lines 914--915
[]\T1/phv/b/n/10 SourceKeyword::MsvcInt8[] \T1/ptm/m/up/10 A re-served word for
 the MSVC ex-ten-sion ``[][][]''. 
 []


Overfull \hbox (12.45651pt too wide) in paragraph at lines 915--916
[]\T1/phv/b/n/10 SourceKeyword::MsvcInt16[] \T1/ptm/m/up/10 A re-served word fo
r the MSVC ex-ten-sion ``[][][]''. 
 []


Overfull \hbox (12.45651pt too wide) in paragraph at lines 916--917
[]\T1/phv/b/n/10 SourceKeyword::MsvcInt32[] \T1/ptm/m/up/10 A re-served word fo
r the MSVC ex-ten-sion ``[][][]''. 
 []


Overfull \hbox (12.45651pt too wide) in paragraph at lines 917--918
[]\T1/phv/b/n/10 SourceKeyword::MsvcInt64[] \T1/ptm/m/up/10 A re-served word fo
r the MSVC ex-ten-sion ``[][][]''. 
 []


Overfull \hbox (23.26643pt too wide) in paragraph at lines 918--919
[]\T1/phv/b/n/10 SourceKeyword::MsvcInt128[] \T1/ptm/m/up/10 A re-served word f
or the MSVC ex-ten-sion ``[][][]''. 
 []


Overfull \hbox (51.79617pt too wide) in paragraph at lines 919--920
[]\T1/phv/b/n/10 SourceKeyword::MsvcInterface[] \T1/ptm/m/up/10 A re-served wor
d for the MSVC ex-ten-sion ``[][][]''. 
 []


Overfull \hbox (17.31664pt too wide) in paragraph at lines 920--921
[]\T1/phv/b/n/10 SourceKeyword::MsvcLeave[] \T1/ptm/m/up/10 A re-served word fo
r the MSVC ex-ten-sion ``[][][]''. 
 []


Overfull \hbox (26.58636pt too wide) in paragraph at lines 922--923
[]\T1/phv/b/n/10 SourceKeyword::MsvcNullptr[] \T1/ptm/m/up/10 A re-served word 
for the MSVC ex-ten-sion ``[][][]''. 
 []


Overfull \hbox (30.94637pt too wide) in paragraph at lines 924--925
[]\T1/phv/b/n/10 SourceKeyword::MsvcPragma[] \T1/ptm/m/up/10 A re-served word f
or the MSVC ex-ten-sion ``[][][]''. 
 []


Overfull \hbox (14.12645pt too wide) in paragraph at lines 925--926
[]\T1/phv/b/n/10 SourceKeyword::MsvcPtr32[] \T1/ptm/m/up/10 A re-served word fo
r the MSVC ex-ten-sion ``[][][]''. 
 []


Overfull \hbox (14.12645pt too wide) in paragraph at lines 926--927
[]\T1/phv/b/n/10 SourceKeyword::MsvcPtr64[] \T1/ptm/m/up/10 A re-served word fo
r the MSVC ex-ten-sion ``[][][]''. 
 []


Overfull \hbox (42.09624pt too wide) in paragraph at lines 927--928
[]\T1/phv/b/n/10 SourceKeyword::MsvcRestrict[] \T1/ptm/m/up/10 A re-served word
 for the MSVC ex-ten-sion ``[][][]''. 
 []


Overfull \hbox (3.86658pt too wide) in paragraph at lines 929--930
[]\T1/phv/b/n/10 SourceKeyword::MsvcSptr[] \T1/ptm/m/up/10 A re-served word for
 the MSVC ex-ten-sion ``[][][]''. 
 []


Overfull \hbox (32.4063pt too wide) in paragraph at lines 930--931
[]\T1/phv/b/n/10 SourceKeyword::MsvcStdcall[] \T1/ptm/m/up/10 A re-served word 
for the MSVC ex-ten-sion ``[][][]''. 
 []


Overfull \hbox (17.45653pt too wide) in paragraph at lines 931--932
[]\T1/phv/b/n/10 SourceKeyword::MsvcSuper[] \T1/ptm/m/up/10 A re-served word fo
r the MSVC ex-ten-sion ``[][][]''. 
 []


Overfull \hbox (42.10622pt too wide) in paragraph at lines 932--933
[]\T1/phv/b/n/10 SourceKeyword::MsvcThiscall[] \T1/ptm/m/up/10 A re-served word
 for the MSVC ex-ten-sion ``[][][]''. 
 []


Overfull \hbox (11.81653pt too wide) in paragraph at lines 933--934
[]\T1/phv/b/n/10 SourceKeyword::MsvcSehTry[] \T1/ptm/m/up/10 A re-served word f
or the MSVC ex-ten-sion ``[][][]''. 
 []

[237]
Overfull \hbox (4.41663pt too wide) in paragraph at lines 934--935
[]\T1/phv/b/n/10 SourceKeyword::MsvcUptr[] \T1/ptm/m/up/10 A re-served word for
 the MSVC ex-ten-sion ``[][][]''. 
 []


Overfull \hbox (26.02657pt too wide) in paragraph at lines 935--936
[]\T1/phv/b/n/10 SourceKeyword::MsvcUuidof[] \T1/ptm/m/up/10 A re-served word f
or the MSVC ex-ten-sion ``[][][]''. 
 []


Overfull \hbox (31.58664pt too wide) in paragraph at lines 937--938
[]\T1/phv/b/n/10 SourceKeyword::MsvcUnhook[] \T1/ptm/m/up/10 A re-served word f
or the MSVC ex-ten-sion ``[][][]''. 
 []


Overfull \hbox (39.88626pt too wide) in paragraph at lines 942--943
[]\T1/phv/b/n/10 SourceKeyword::MsvcIsClass[] \T1/ptm/m/up/10 A re-served word 
for the MSVC ex-ten-sion ``[][][]''. 
 []


Overfull \hbox (41.5364pt too wide) in paragraph at lines 943--944
[]\T1/phv/b/n/10 SourceKeyword::MsvcIsUnion[] \T1/ptm/m/up/10 A re-served word 
for the MSVC ex-ten-sion ``[][][]''. 
 []


Overfull \hbox (35.6364pt too wide) in paragraph at lines 944--945
[]\T1/phv/b/n/10 SourceKeyword::MsvcIsEnum[] \T1/ptm/m/up/10 A re-served word f
or the MSVC ex-ten-sion ``[][][]''. 
 []


Overfull \hbox (43.76628pt too wide) in paragraph at lines 946--947
[]\T1/phv/b/n/10 SourceKeyword::MsvcIsEmpty[] \T1/ptm/m/up/10 A re-served word 
for the MSVC ex-ten-sion ``[][][]''. 
 []


Overfull \hbox (3.22673pt too wide) in paragraph at lines 947--948
[]\T1/phv/b/n/10 SourceKeyword::MsvcHasTrivialConstructor[] \T1/ptm/m/up/10 A r
e-served word for the MSVC
 []


Overfull \hbox (8.54648pt too wide) in paragraph at lines 948--949
[]\T1/phv/b/n/10 SourceKeyword::MsvcIsTriviallyConstructible[] \T1/ptm/m/up/10 
A re-served word for the MSVC
 []


Overfull \hbox (3.15671pt too wide) in paragraph at lines 949--950
[]\T1/phv/b/n/10 SourceKeyword::MsvcIsTriviallyCopyConstructible[] \T1/ptm/m/up
/10 A re-served word for the
 []


Overfull \hbox (1.88644pt too wide) in paragraph at lines 951--952
[]\T1/phv/b/n/10 SourceKeyword::MsvcIsTriviallyDestructible[] \T1/ptm/m/up/10 A
 re-served word for the MSVC
 []

[238]
Overfull \hbox (11.89688pt too wide) in paragraph at lines 953--954
[]\T1/phv/b/n/10 SourceKeyword::MsvcIsNothrowConstructible[] \T1/ptm/m/up/10 A 
re-served word for the MSVC
 []


Overfull \hbox (6.50711pt too wide) in paragraph at lines 954--955
[]\T1/phv/b/n/10 SourceKeyword::MsvcIsNothrowCopyConstructible[] \T1/ptm/m/up/1
0 A re-served word for the
 []


Overfull \hbox (21.1966pt too wide) in paragraph at lines 956--957
[]\T1/phv/b/n/10 SourceKeyword::MsvcIsPod[] \T1/ptm/m/up/10 A re-served word fo
r the MSVC ex-ten-sion ``[][][]''. 
 []


Overfull \hbox (58.71619pt too wide) in paragraph at lines 958--959
[]\T1/phv/b/n/10 SourceKeyword::MsvcIsBaseOf[] \T1/ptm/m/up/10 A re-served word
 for the MSVC ex-ten-sion ``[][][]''. 
 []


Overfull \hbox (52.36604pt too wide) in paragraph at lines 960--961
[]\T1/phv/b/n/10 SourceKeyword::MsvcIsTrivial[] \T1/ptm/m/up/10 A re-served wor
d for the MSVC ex-ten-sion ``[][][]''. 
 []


Overfull \hbox (3.6666pt too wide) in paragraph at lines 964--965
[]\T1/phv/b/n/10 SourceKeyword::MsvcIsTriviallyMoveConstructible[] \T1/ptm/m/up
/10 A re-served word for the
 []


Overfull \hbox (4.70682pt too wide) in paragraph at lines 965--966
[]\T1/phv/b/n/10 SourceKeyword::MsvcHasTrivialMoveAssign[] \T1/ptm/m/up/10 A re
-served word for the MSVC
 []

[239]
Overfull \hbox (0.79703pt too wide) in paragraph at lines 971--972
[]\T1/phv/b/n/10 SourceKeyword::MsvcIsNothrowAssignable[] \T1/ptm/m/up/10 A re-
served word for the MSVC
 []


Overfull \hbox (5.23685pt too wide) in paragraph at lines 973--974
[]\T1/phv/b/n/10 SourceKeyword::MsvcIsNothrowDestructible[] \T1/ptm/m/up/10 A r
e-served word for the MSVC
 []


Overfull \hbox (1.97696pt too wide) in paragraph at lines 975--976
[]\T1/phv/b/n/10 SourceKeyword::MsvcIsAssignableNocheck[] \T1/ptm/m/up/10 A re-
served word for the MSVC
 []


Overfull \hbox (2.7868pt too wide) in paragraph at lines 976--977
[]\T1/phv/b/n/10 SourceKeyword::MsvcHasUniqueObjectRepresentations[] \T1/ptm/m/
up/10 A re-served word
 []

[240]
Overfull \hbox (1.76617pt too wide) in paragraph at lines 982--983
[]\T1/phv/b/n/10 SourceKeyword::MsvcBuiltinIsPointerInterconvertibleBaseOf[] \T
1/ptm/m/up/10 A re-served
 []


Overfull \hbox (26.97778pt too wide) in paragraph at lines 982--983
\T1/ptm/m/up/10 word for the MSVC ex-ten-sion ``[][][]''. 
 []


Overfull \hbox (15.096pt too wide) in paragraph at lines 983--984
[]\T1/phv/b/n/10 SourceKeyword::MsvcBuiltinIsPointerInterconvertibleWithClass[]
 \T1/ptm/m/up/10 A re-served
 []


Overfull \hbox (42.72774pt too wide) in paragraph at lines 983--984
\T1/ptm/m/up/10 word for the MSVC ex-ten-sion ``[][][]''. 
 []


Overfull \hbox (4.10674pt too wide) in paragraph at lines 984--985
[]\T1/phv/b/n/10 SourceKeyword::MsvcBuiltinIsCorrespondingMember[] \T1/ptm/m/up
/10 A re-served word for
 []


Overfull \hbox (36.54628pt too wide) in paragraph at lines 990--991
[]\T1/phv/b/n/10 SourceKeyword::MsvcIsFinal[] \T1/ptm/m/up/10 A re-served word 
for the MSVC ex-ten-sion ``[][][]''. 
 []


Overfull \hbox (50.69618pt too wide) in paragraph at lines 991--992
[]\T1/phv/b/n/10 SourceKeyword::MsvcIsSealed[] \T1/ptm/m/up/10 A re-served word
 for the MSVC ex-ten-sion ``[][][]''. 
 []


Overfull \hbox (48.05658pt too wide) in paragraph at lines 993--994
[]\T1/phv/b/n/10 SourceKeyword::MsvcHasCopy[] \T1/ptm/m/up/10 A re-served word 
for the MSVC ex-ten-sion ``[][][]''. 
 []

[241]
\c@bits@SourceIdentifier=\count461
\c@bytes@SourceIdentifier=\count462

Overfull \hbox (32.25714pt too wide) in paragraph at lines 1041--1042
[]\T1/phv/b/n/10 SourceIdentifier::MsvcBuiltinHugeVal[] \T1/ptm/m/up/10 An iden
-ti-fier word for [][][]. 
 []


Overfull \hbox (40.83708pt too wide) in paragraph at lines 1046--1047
[]\T1/phv/b/n/10 SourceIdentifier::MsvcBuiltinHugeValf[] \T1/ptm/m/up/10 An ide
n-ti-fier word for [][][]. 
 []

)
Overfull \hbox (4.77736pt too wide) in paragraph at lines 1070--133
[]\T1/phv/b/n/10 SourceIdentifier::MsvcBuiltinNansf[] \T1/ptm/m/up/10 An iden-t
i-fier word for [][][].
 []


Underfull \hbox (badness 10000) in paragraph at lines 1070--133

 []

(./ifc.bbl [242]
bibitemlist
) [243

]
\tf@toc=\write7
\openout7 = `ifc.toc'.

 (./ifc.aux)

LaTeX Font Warning: Some font shapes were not available, defaults substituted.


LaTeX Warning: There were undefined references.

Package rerunfilecheck Info: File `ifc.out' has not changed.
(rerunfilecheck)             Checksum: 2B94DE4F6332ACCD134269A6CFC01DC8;2054.
 ) 
Here is how much of TeX's memory you used:
 33259 strings out of 476025
 582120 string characters out of 5791997
 1916388 words of memory out of 5000000
 50089 multiletter control sequences out of 15000+600000
 599757 words of font info for 148 fonts, out of 8000000 for 9000
 1141 hyphenation exceptions out of 8191
 117i,19n,118p,381b,1950s stack positions out of 10000i,1000n,20000p,200000b,200000s
</opt/local/share/texmf-texlive/fonts/type1/public/amsfonts/cm/cmsy10.pfb></o
pt/local/share/texmf-texlive/fonts/type1/public/amsfonts/euler/eufm10.pfb></opt
/local/share/texmf-texlive/fonts/type1/public/amsfonts/euler/eufm7.pfb></opt/lo
cal/share/texmf-texlive/fonts/type1/public/amsfonts/euler/eurm10.pfb></opt/loca
l/share/texmf-texlive/fonts/type1/public/amsfonts/euler/eurm7.pfb></opt/local/s
hare/texmf-texlive/fonts/type1/public/amsfonts/euler/eusm10.pfb></opt/local/sha
re/texmf-texlive/fonts/type1/public/txfonts/t1xbtt.pfb></opt/local/share/texmf-
texlive/fonts/type1/public/txfonts/t1xtt.pfb></opt/local/share/texmf-texlive/fo
nts/type1/public/txfonts/t1xtt.pfb></opt/local/share/texmf-texlive/fonts/type1/
urw/helvetic/uhvb8a.pfb></opt/local/share/texmf-texlive/fonts/type1/urw/helveti
c/uhvr8a.pfb></opt/local/share/texmf-texlive/fonts/type1/urw/times/utmb8a.pfb><
/opt/local/share/texmf-texlive/fonts/type1/urw/times/utmb8a.pfb></opt/local/sha
re/texmf-texlive/fonts/type1/urw/times/utmr8a.pfb></opt/local/share/texmf-texli
ve/fonts/type1/urw/times/utmr8a.pfb></opt/local/share/texmf-texlive/fonts/type1
/urw/times/utmri8a.pfb>
Output written on ifc.pdf (247 pages, 666974 bytes).
PDF statistics:
 5823 PDF objects out of 6186 (max. 8388607)
 5487 compressed objects within 55 object streams
 3083 named destinations out of 3580 (max. 500000)
 189 words of extra memory for PDF output out of 10000 (max. 10000000)

