\BOOKMARK [0][-]{section*.1}{\376\377\000C\000o\000n\000t\000e\000n\000t\000s}{}% 1
\BOOKMARK [0][-]{chapter.1}{\376\377\000I\000n\000t\000r\000o\000d\000u\000c\000t\000i\000o\000n}{}% 2
\BOOKMARK [0][-]{chapter.2}{\376\377\000I\000F\000C\000\040\000F\000i\000l\000e}{}% 3
\BOOKMARK [0][-]{chapter.3}{\376\377\000S\000t\000r\000i\000n\000g\000\040\000t\000a\000b\000l\000e}{}% 4
\BOOKMARK [0][-]{chapter.4}{\376\377\000T\000r\000a\000n\000s\000l\000a\000t\000i\000o\000n\000\040\000U\000n\000i\000t\000s}{}% 5
\BOOKMARK [0][-]{chapter.5}{\376\377\000M\000o\000d\000u\000l\000e\000s}{}% 6
\BOOKMARK [0][-]{chapter.6}{\376\377\000S\000c\000o\000p\000e\000s}{}% 7
\BOOKMARK [0][-]{chapter.7}{\376\377\000H\000e\000a\000p\000s}{}% 8
\BOOKMARK [0][-]{chapter.8}{\376\377\000D\000e\000c\000l\000a\000r\000a\000t\000i\000o\000n\000s}{}% 9
\BOOKMARK [0][-]{chapter.9}{\376\377\000D\000i\000r\000e\000c\000t\000i\000v\000e\000s}{}% 10
\BOOKMARK [0][-]{chapter.10}{\376\377\000T\000y\000p\000e\000s}{}% 11
\BOOKMARK [0][-]{chapter.11}{\376\377\000E\000x\000p\000r\000e\000s\000s\000i\000o\000n\000s}{}% 12
\BOOKMARK [0][-]{chapter.12}{\376\377\000S\000t\000a\000t\000e\000m\000e\000n\000t\000s}{}% 13
\BOOKMARK [0][-]{chapter.13}{\376\377\000N\000a\000m\000e\000s}{}% 14
\BOOKMARK [0][-]{chapter.14}{\376\377\000C\000h\000a\000r\000t\000s}{}% 15
\BOOKMARK [0][-]{chapter.15}{\376\377\000A\000t\000t\000r\000i\000b\000u\000t\000e\000s}{}% 16
\BOOKMARK [0][-]{chapter.16}{\376\377\000S\000y\000n\000t\000a\000x\000\040\000T\000r\000e\000e}{}% 17
\BOOKMARK [0][-]{chapter.17}{\376\377\000S\000o\000u\000r\000c\000e\000\040\000L\000o\000c\000a\000t\000i\000o\000n}{}% 18
\BOOKMARK [0][-]{chapter.18}{\376\377\000T\000r\000a\000i\000t\000s}{}% 19
\BOOKMARK [0][-]{chapter.19}{\376\377\000P\000r\000e\000p\000r\000o\000c\000e\000s\000s\000i\000n\000g\000\040\000F\000o\000r\000m\000s}{}% 20
\BOOKMARK [0][-]{chapter.20}{\376\377\000W\000o\000r\000d\000s}{}% 21
\BOOKMARK [0][-]{appendix*.1336}{\376\377\000B\000i\000b\000l\000i\000o\000g\000r\000a\000p\000h\000y}{}% 22
